T0EA0 4704:399 SEGGER J-Link V6.48a Log File (0000ms, 38584ms total)
T0EA0 4704:399 DLL Compiled: Jul 30 2019 15:16:09 (0000ms, 38584ms total)
T0EA0 4704:399 Logging started @ 2021-05-17 06:13 (0001ms, 38585ms total)
T0EA0 4704:643 JLINK_ExecCommand("Device = ATSAML21G18B", ...). Device "ATSAML21G18" selected.  returns 0x00 (0001ms, 38586ms total)
T0EA0 4704:657 JLINK_TIF_Select(JLINKARM_TIF_SWD)  returns 0x00 (0001ms, 38587ms total)
T0EA0 4704:658 JLINK_SetSpeed(4000) (0000ms, 38587ms total)
T0EA0 4704:658 JLINK_ResetPullsRESET(OFF) (0000ms, 38587ms total)
T0EA0 4704:658 JLINK_Connect()InitTarget() >0x10B TIF>Found SW-DP with ID 0x0BC11477 >0x0D TIF> >0x28 TIF> >0x0D TIF> >0x28 TIF> >0x0D TIF> >0x28 TIF> >0x0D TIF> >0x28 TIF> >0x0D TIF> >0x21 TIF> >0x0D TIF> >0x28 TIF>Scanning AP map to find all available APs >0x0D TIF> >0x28 TIF> >0x0D TIF> >0x21 TIF> >0x0D TIF> >0x21 TIF> >0x0D TIF> >0x28 TIF> >0x0D TIF> >0x21 TIF> >0x0D TIF> >0x21 TIF>AP[1]: Stopped AP scan as end of AP map has been reachedAP[0]: AHB-AP (IDR: 0x04770031)
Iterating through AP map to find AHB-AP to use >0x42 TIF> >0x28 TIF> >0x0D TIF> >0x28 TIF> >0x0D TIF> >0x21 TIF> >0x0D TIF> >0x21 TIF> >0x42 TIF> >0x28 TIF> >0x0D TIF> >0x28 TIF> >0x0D TIF> >0x28 TIF> >0x0D TIF> >0x21 TIF> >0x0D TIF> >0x21 TIF>AP[0]: Core foundAP[0]: AHB-AP ROM base: 0x41003000 >0x0D TIF> >0x28 TIF> >0x0D TIF> >0x28 TIF> >0x0D TIF> >0x28 TIF> >0x0D TIF> >0x21 TIF> >0x0D TIF> >0x21 TIF>CPUID register: 0x410CC601. Implementer code: 0x41 (ARM)Found Cortex-M0 r0p1, Little endian.
 -- Max. mem block: 0x00004508 -- CPU_ReadMem(4 bytes @ 0xE000EDF0) -- CPU_WriteMem(4 bytes @ 0xE000EDF0) -- CPU_ReadMem(4 bytes @ 0xE0002000)FPUnit: 4 code (BP) slots and 0 literal slots -- CPU_ReadMem(4 bytes @ 0xE000EDFC) -- CPU_WriteMem(4 bytes @ 0xE000EDFC) -- CPU_ReadMem(4 bytes @ 0xE0001000) -- CPU_WriteMem(4 bytes @ 0xE0001000)CoreSight components:ROMTbl[0] @ 41003000 -- CPU_ReadMem(16 bytes @ 0x41003000) -- CPU_ReadMem(16 bytes @ 0xE00FFFF0) -- CPU_ReadMem(16 bytes @ 0xE00FFFE0)
ROMTbl[0][0]: E00FF000, CID: B105100D, PID: 000BB4C0 ROM TableROMTbl[1] @ E00FF000 -- CPU_ReadMem(16 bytes @ 0xE00FF000) -- CPU_ReadMem(16 bytes @ 0xE000EFF0) -- CPU_ReadMem(16 bytes @ 0xE000EFE0)ROMTbl[1][0]: E000E000, CID: B105E00D, PID: 000BB008 SCS -- CPU_ReadMem(16 bytes @ 0xE0001FF0) -- CPU_ReadMem(16 bytes @ 0xE0001FE0)ROMTbl[1][1]: E0001000, CID: B105E00D, PID: 000BB00A DWT -- CPU_ReadMem(16 bytes @ 0xE0002FF0) -- CPU_ReadMem(16 bytes @ 0xE0002FE0)
ROMTbl[1][2]: E0002000, CID: B105E00D, PID: 000BB00B FPB -- CPU_ReadMem(16 bytes @ 0x41006FF0) -- CPU_ReadMem(16 bytes @ 0x41006FE0)ROMTbl[0][1]: 41006000, CID: B105900D, PID: 001BB932 MTB-M0+  returns 0x00 (0141ms, 38728ms total)
T0EA0 4704:799 JLINK_Halt()  returns 0x00 (0002ms, 38730ms total)
T0EA0 4704:803 JLINK_JTAG_GetDeviceID(DeviceIndex = 0)  returns 0x00 (0000ms, 38730ms total)
T0EA0 4704:803 JLINK_ReadMemU32(0x41002018, 0x0001 Items, ...) -- CPU_ReadMem(4 bytes @ 0x41002018) - Data: 14 02 81 10  returns 1 (0000ms, 38730ms total)
T24D8 4704:813 JLINK_IsHalted()  returns TRUE (0001ms, 38731ms total)
T24D8 4704:814 JLINK_GetMOEs(...) -- CPU_ReadMem(4 bytes @ 0xE000ED30)  returns 0x01 (0000ms, 38730ms total)
T24D8 4704:814 JLINK_ReadReg(R15 (PC))  returns 0x00002724 (0000ms, 38730ms total)
T0EA0 4704:907 JLINK_BeginDownload(Flags = 0x00) (0000ms, 38730ms total)
T0EA0 4704:907 JLINK_WriteMem(0x00002000, 0x10A40 Bytes, ...) - Data: 00 80 00 20 21 27 00 00 03 27 00 00 1D 27 00 00 ... -- Read from flash cache (68160 bytes @ 0x00002000)  returns 0x10A40 (0001ms, 38731ms total)
T0EA0 4704:908 JLINK_WriteMem(0x00012A40, 0x0064 Bytes, ...) - Data: 10 B5 72 B6 11 4B 12 4A 04 33 93 42 08 D8 BF F3 ... -- Read from flash cache (100 bytes @ 0x00012A40)  returns 0x64 (0001ms, 38732ms total)
T0EA0 4704:909 JLINK_WriteMem(0x00012AA4, 0x0310 Bytes, ...) - Data: 00 00 00 00 88 13 00 00 FF FF FF FF FF FF FF FF ... -- Read from flash cache (784 bytes @ 0x00012AA4)  returns 0x310 (0000ms, 38732ms total)
T0EA0 4704:950 JLINK_EndDownload() -- CPU_ReadMem(4 bytes @ 0x41006004) -- CPU_ReadMem(4 bytes @ 0xE000ED90) -- -------------------------------------- -- Start of determining dirty areas in flash cache -- End of determining dirty areas -- Start of preparing flash programming -- Calculating RAM usage -- RAM usage = 5876 Bytes -- Preserving CPU registers -- Preparing memory -- Preparing target -- Downloading RAMCode -- Checking target RAM -- Preparing RAMCode -- End of preparing flash programming
 -- CPU speed could not be measured. -- Start of comparing flash -- CRC check was estimated as fastest method -- Comparing range 0x2000 - 0x11FFF (256 Sectors, 64 KB), using multi-block CRC calculation -- CRC does not match for sectors 0-255 -- Comparing range 0x12000 - 0x12DFF (14 Sectors, 3 KB), using multi-block CRC calculation -- CRC does not match for sectors 0-13 -- End of comparing flash -- Start of erasing sectors -- Erasing range 0x00002000 - 0x00009FFF (128 Sectors, 32 KB)
 -- Erasing range 0x0000A000 - 0x00010DFF (110 Sectors, 27 KB) -- End of erasing sectors -- Start of flash programming -- Programming range 0x00002000 - 0x00009FFF (128 Sectors, 32 KB) -- Programming range 0x0000A000 - 0x00011FFF (128 Sectors, 32 KB) -- Programming range 0x00012000 - 0x00012DFF ( 14 Sectors, 3 KB) -- End of flash programming -- 0x2000 - 0x12DFF (270 Sectors, 67 KB) -- Start of verifying flash -- Use CRC or checksum calculation as verify method -- End of verifying flash
 -- Start of restoring -- Restoring RAMCode -- Restore target -- Restore memory -- Restoring CPU registers -- End of restoring -- Bank 0 @ 0x00000000: 1 range affected (69120 bytes) -- Total time needed: 0.832s (Prepare: 0.029s, Compare: 0.033s, Erase: 0.281s, Program: 0.467s, Verify: 0.017s, Restore: 0.003s)  returns 0x10E00 (0837ms, 39569ms total)
T39D0 4705:787 JLINK_EMU_GetList(InterfaceMask = 0x00000001, MaxInfos = 0x00000032) [0]: USB, S/N: 260104226  returns 0x01 (0003ms, 39572ms total)
T0EA0 4705:790 JLINK_SetResetType(JLINKARM_CM3_RESET_TYPE_NORMAL)  returns JLINKARM_CM3_RESET_TYPE_NORMAL (0000ms, 39572ms total)
T0EA0 4705:790 JLINK_Reset() -- CPU_ReadMem(4 bytes @ 0x200006BC) -- CPU_WriteMem(4 bytes @ 0x200006BC) -- CPU_ReadMem(4 bytes @ 0xE000EDFC) -- CPU_WriteMem(4 bytes @ 0xE000EDFC) -- CPU_WriteMem(4 bytes @ 0xE000ED0C) -- CPU_ReadMem(4 bytes @ 0xE000EDF0) -- CPU_ReadMem(4 bytes @ 0x41002100) -- CPU_WriteMem(4 bytes @ 0xE000EDFC) -- CPU_WriteMem(4 bytes @ 0xE0002000) -- CPU_ReadMem(4 bytes @ 0xE000EDFC) -- CPU_ReadMem(4 bytes @ 0xE0001000) -- CPU_WriteMem(4 bytes @ 0xE0001000) (0011ms, 39583ms total)
T39D0 4705:801 JLINK_EMU_GetList(InterfaceMask = 0x00000002, MaxInfos = 0x00000032)   returns 0x00 (0027ms, 39610ms total)
T24D8 4705:828 JLINK_IsHalted()  returns TRUE (0000ms, 39610ms total)
T24D8 4706:030 JLINK_IsHalted()  returns TRUE (0000ms, 39610ms total)
T2F68 4706:225 JLINK_Halt()  returns 0x00 (0001ms, 39611ms total)
T2F68 4706:226 JLINK_ReadReg(R15 (PC))  returns 0x00002720 (0000ms, 39611ms total)
T2F68 4706:226 JLINK_ReadReg(R13 (SP))  returns 0x20008000 (0000ms, 39611ms total)
T24D8 4706:230 JLINK_IsHalted()  returns TRUE (0000ms, 39611ms total)
T2F68 4706:244 JLINK_ReadMemHW(0x00002720, 0x0004 Bytes, ...) -- CPU_ReadMem(4 bytes @ 0x00002720) - Data: 70 B5 0F 49  returns 0x00 (0000ms, 39611ms total)
T2F68 4706:245 JLINK_ReadReg(R0)  returns 0x40001000 (0000ms, 39611ms total)
T2F68 4706:245 JLINK_ReadReg(R1)  returns 0x00000000 (0000ms, 39611ms total)
T2F68 4706:245 JLINK_ReadReg(R2)  returns 0x00000000 (0000ms, 39611ms total)
T2F68 4706:245 JLINK_ReadReg(R3)  returns 0xAE8AB351 (0000ms, 39611ms total)
T2F68 4706:245 JLINK_ReadReg(R4)  returns 0x20000664 (0000ms, 39611ms total)
T2F68 4706:245 JLINK_ReadReg(R5)  returns 0x20000684 (0000ms, 39611ms total)
T2F68 4706:245 JLINK_ReadReg(R6)  returns 0x20000684 (0000ms, 39611ms total)
T2F68 4706:245 JLINK_ReadReg(R7)  returns 0x2000041C (0000ms, 39611ms total)
T2F68 4706:245 JLINK_ReadReg(R8)  returns 0x0041E000 (0000ms, 39611ms total)
T2F68 4706:245 JLINK_ReadReg(R9)  returns 0x20183562 (0001ms, 39612ms total)
T2F68 4706:246 JLINK_ReadReg(R10)  returns 0x09A18091 (0000ms, 39612ms total)
T2F68 4706:246 JLINK_ReadReg(R11)  returns 0x42918676 (0000ms, 39612ms total)
T2F68 4706:246 JLINK_ReadReg(R12)  returns 0x200005D8 (0000ms, 39612ms total)
T2F68 4706:246 JLINK_ReadReg(R13 (SP))  returns 0x20008000 (0000ms, 39612ms total)
T2F68 4706:246 JLINK_ReadReg(R14)  returns 0x2000032F (0000ms, 39612ms total)
T2F68 4706:246 JLINK_ReadReg(R15 (PC))  returns 0x00002720 (0000ms, 39612ms total)
T2F68 4706:246 JLINK_ReadReg(XPSR)  returns 0x21000000 (0000ms, 39612ms total)
T2F68 4706:246 JLINK_ReadReg(MSP)  returns 0x20008000 (0000ms, 39612ms total)
T2F68 4706:246 JLINK_ReadReg(PSP)  returns 0x889BCD2C (0000ms, 39612ms total)
T2F68 4706:246 JLINK_ReadReg(PRIMASK)  returns 0x00000000 (0000ms, 39612ms total)
T2F68 4706:246 JLINK_ReadReg(BASEPRI)  returns 0x00000000 (0000ms, 39612ms total)
T2F68 4706:247 JLINK_ReadReg(FAULTMASK)  returns 0x00000000 (0000ms, 39613ms total)
T2F68 4706:247 JLINK_ReadReg(CONTROL)  returns 0x00000000 (0000ms, 39613ms total)
T2F68 4706:247 JLINK_ReadMemHW(0x00002720, 0x0002 Bytes, ...) -- CPU_ReadMem(2 bytes @ 0x00002720) - Data: 70 B5  returns 0x00 (0001ms, 39614ms total)
T2F68 4706:358 JLINK_ReadReg(R0)  returns 0x40001000 (0000ms, 39614ms total)
T2F68 4706:358 JLINK_ReadReg(R1)  returns 0x00000000 (0000ms, 39614ms total)
T2F68 4706:358 JLINK_ReadReg(R2)  returns 0x00000000 (0000ms, 39614ms total)
T2F68 4706:358 JLINK_ReadReg(R3)  returns 0xAE8AB351 (0000ms, 39614ms total)
T2F68 4706:358 JLINK_ReadReg(R4)  returns 0x20000664 (0000ms, 39614ms total)
T2F68 4706:358 JLINK_ReadReg(R5)  returns 0x20000684 (0000ms, 39614ms total)
T2F68 4706:358 JLINK_ReadReg(R6)  returns 0x20000684 (0000ms, 39614ms total)
T2F68 4706:358 JLINK_ReadReg(R7)  returns 0x2000041C (0000ms, 39614ms total)
T2F68 4706:358 JLINK_ReadReg(R8)  returns 0x0041E000 (0000ms, 39614ms total)
T2F68 4706:358 JLINK_ReadReg(R9)  returns 0x20183562 (0000ms, 39614ms total)
T2F68 4706:358 JLINK_ReadReg(R10)  returns 0x09A18091 (0000ms, 39614ms total)
T2F68 4706:358 JLINK_ReadReg(R11)  returns 0x42918676 (0000ms, 39614ms total)
T2F68 4706:358 JLINK_ReadReg(R12)  returns 0x200005D8 (0000ms, 39614ms total)
T2F68 4706:358 JLINK_ReadReg(R13 (SP))  returns 0x20008000 (0000ms, 39614ms total)
T2F68 4706:358 JLINK_ReadReg(R14)  returns 0x2000032F (0001ms, 39615ms total)
T2F68 4706:359 JLINK_ReadReg(R15 (PC))  returns 0x00002720 (0000ms, 39615ms total)
T2F68 4706:359 JLINK_ReadReg(XPSR)  returns 0x21000000 (0000ms, 39615ms total)
T2F68 4706:359 JLINK_ReadReg(MSP)  returns 0x20008000 (0000ms, 39615ms total)
T2F68 4706:359 JLINK_ReadReg(PSP)  returns 0x889BCD2C (0000ms, 39615ms total)
T2F68 4706:359 JLINK_ReadReg(PRIMASK)  returns 0x00000000 (0000ms, 39615ms total)
T2F68 4706:359 JLINK_ReadReg(BASEPRI)  returns 0x00000000 (0000ms, 39615ms total)
T2F68 4706:359 JLINK_ReadReg(FAULTMASK)  returns 0x00000000 (0000ms, 39615ms total)
T2F68 4706:359 JLINK_ReadReg(CONTROL)  returns 0x00000000 (0000ms, 39615ms total)
T2F68 4706:391 JLINK_ReadMemHW(0x00002720, 0x0004 Bytes, ...) -- CPU_ReadMem(4 bytes @ 0x00002720) - Data: 70 B5 0F 49  returns 0x00 (0001ms, 39616ms total)
T2F68 4706:425 JLINK_SetResetType(JLINKARM_CM3_RESET_TYPE_NORMAL)  returns JLINKARM_CM3_RESET_TYPE_NORMAL (0000ms, 39616ms total)
T2F68 4706:425 JLINK_Reset() -- CPU_ReadMem(4 bytes @ 0xE000EDFC) -- CPU_WriteMem(4 bytes @ 0xE000EDFC) -- CPU_WriteMem(4 bytes @ 0xE000ED0C) -- CPU_ReadMem(4 bytes @ 0xE000EDF0) -- CPU_ReadMem(4 bytes @ 0x41002100) -- CPU_WriteMem(4 bytes @ 0xE000EDFC) -- CPU_WriteMem(4 bytes @ 0xE0002000) -- CPU_ReadMem(4 bytes @ 0xE000EDFC) -- CPU_ReadMem(4 bytes @ 0xE0001000) -- CPU_WriteMem(4 bytes @ 0xE0001000) (0007ms, 39623ms total)
T24D8 4706:432 JLINK_IsHalted()  returns TRUE (0000ms, 39623ms total)
T24D8 4706:432 JLINK_GetMOEs(...) -- CPU_ReadMem(4 bytes @ 0xE000ED30)  returns 0x01 (0000ms, 39623ms total)
T24D8 4706:432 JLINK_ReadReg(R15 (PC))  returns 0x00002720 (0000ms, 39623ms total)
T2F68 4706:443 JLINK_ReadReg(R15 (PC))  returns 0x00002720 (0000ms, 39623ms total)
T2F68 4706:443 JLINK_ReadReg(R13 (SP))  returns 0x20008000 (0000ms, 39623ms total)
T2F68 4706:443 JLINK_ReadMemHW(0x00002720, 0x0004 Bytes, ...) -- CPU_ReadMem(4 bytes @ 0x00002720) - Data: 70 B5 0F 49  returns 0x00 (0000ms, 39623ms total)
T2F68 4706:503 JLINK_ReadMemHW(0x00002878, 0x0001 Bytes, ...) -- CPU_ReadMem(1 bytes @ 0x00002878) - Data: 10  returns 0x00 (0001ms, 39624ms total)
T2F68 4706:580 JLINK_ReadReg(R15 (PC))  returns 0x00002720 (0000ms, 39624ms total)
T2F68 4706:580 JLINK_GetNumBPUnits(Type = 0xFFFFFF02)  returns 0x04 (0000ms, 39624ms total)
T2F68 4706:580 JLINK_SetBPEx(Addr = 0x00002878, Type = 0xFFFFFFF2)  returns 0x00000001 (0001ms, 39625ms total)
T2F68 4706:581 JLINK_GetBPInfo(BPHandle = 1)  returns 0x00 (0000ms, 39625ms total)
T2F68 4706:581 JLINK_Go() -- CPU_WriteMem(4 bytes @ 0xE0002000) -- CPU_ReadMem(4 bytes @ 0xE0001000) -- CPU_WriteMem(4 bytes @ 0xE000ED30) -- CPU_WriteMem(4 bytes @ 0xE0001000) -- CPU_WriteMem(4 bytes @ 0xE0002008) -- CPU_WriteMem(4 bytes @ 0xE000200C) -- CPU_WriteMem(4 bytes @ 0xE0002010) -- CPU_WriteMem(4 bytes @ 0xE0002014) -- CPU_WriteMem(4 bytes @ 0xE0001004) (0004ms, 39629ms total)
T24D8 4706:585 JLINK_IsHalted() -- CPU_ReadMem(4 bytes @ 0x41002100)  returns FALSE (0001ms, 39630ms total)
T24D8 4706:607 JLINK_IsHalted()  returns TRUE (0002ms, 39631ms total)
T24D8 4706:609 JLINK_GetMOEs(...) -- CPU_ReadMem(4 bytes @ 0xE000ED30)  returns 0x01 (0000ms, 39629ms total)
T24D8 4706:609 JLINK_ReadReg(R15 (PC))  returns 0x00002878 (0000ms, 39629ms total)
T2F68 4706:618 JLINK_ReadReg(R15 (PC))  returns 0x00002878 (0000ms, 39629ms total)
T2F68 4706:618 JLINK_ReadReg(R13 (SP))  returns 0x20007FF0 (0000ms, 39629ms total)
T2F68 4706:619 JLINK_ReadMemHW(0x00002878, 0x0004 Bytes, ...) -- CPU_ReadMem(4 bytes @ 0x00002878) - Data: 10 B5 01 F0  returns 0x00 (0000ms, 39629ms total)
T2F68 4706:671 JLINK_WriteU32(0xE000EDFC, 0x01000000) -- CPU_WriteMem(4 bytes @ 0xE000EDFC)  returns 0 (0001ms, 39630ms total)
T2F68 4706:672 JLINK_ReadMem (0xE0001000, 0x0004 Bytes, ...) -- CPU_ReadMem(4 bytes @ 0xE0001000) - Data: 00 00 00 20  returns 0x00 (0000ms, 39630ms total)
T2F68 4706:672 JLINK_WriteU32(0xE0001000, 0x20000001)  returns 0 (0000ms, 39630ms total)
T2F68 4706:672 JLINK_WriteU32(0xE0001028, 0x00000100)  returns 0 (0000ms, 39630ms total)
T2F68 4706:672 JLINK_ReadMem (0xE0001028, 0x0004 Bytes, ...) -- CPU_WriteMem(4 bytes @ 0xE0001028) -- CPU_ReadMem(4 bytes @ 0xE0001028) - Data: 00 00 00 00  returns 0x00 (0001ms, 39631ms total)
T2F68 4706:673 JLINK_WriteU32(0xE0001024, 0x0000001F)  returns 0 (0000ms, 39631ms total)
T2F68 4706:673 JLINK_ReadMem (0xE0001024, 0x0004 Bytes, ...) -- CPU_WriteMem(4 bytes @ 0xE0001024) -- CPU_ReadMem(4 bytes @ 0xE0001024) - Data: 1F 00 00 00  returns 0x00 (0001ms, 39632ms total)
T2F68 4706:674 JLINK_WriteU32(0xE0001038, 0x00000100)  returns 0 (0000ms, 39632ms total)
T2F68 4706:674 JLINK_ReadMem (0xE0001038, 0x0004 Bytes, ...) -- CPU_WriteMem(4 bytes @ 0xE0001038) -- CPU_ReadMem(4 bytes @ 0xE0001038) - Data: 00 00 00 00  returns 0x00 (0001ms, 39633ms total)
T2F68 4706:675 JLINK_WriteU32(0xE0001034, 0x0000001F)  returns 0 (0000ms, 39633ms total)
T2F68 4706:675 JLINK_ReadMem (0xE0001034, 0x0004 Bytes, ...) -- CPU_WriteMem(4 bytes @ 0xE0001034) -- CPU_ReadMem(4 bytes @ 0xE0001034) - Data: 1F 00 00 00  returns 0x00 (0001ms, 39634ms total)
T2F68 4706:676 JLINK_WriteU32(0xE0001020, 0x00000000)  returns 0 (0000ms, 39634ms total)
T2F68 4706:676 JLINK_WriteU32(0xE0001024, 0x00000000)  returns 0 (0000ms, 39634ms total)
T2F68 4706:676 JLINK_WriteU32(0xE0001028, 0x00000000)  returns 0 (0000ms, 39634ms total)
T2F68 4706:676 JLINK_WriteU32(0xE0001030, 0x00000000)  returns 0 (0000ms, 39634ms total)
T2F68 4706:676 JLINK_WriteU32(0xE0001034, 0x00000000)  returns 0 (0000ms, 39634ms total)
T2F68 4706:676 JLINK_WriteU32(0xE0001038, 0x00000000)  returns 0 (0000ms, 39634ms total)
T2F68 4706:676 JLINK_GetBPInfo(BPHandle = 1)  returns 0x00 (0000ms, 39634ms total)
T2F68 4706:676 JLINK_ClrBPEx(BPHandle = 0x00000001)  returns 0x00 (0000ms, 39634ms total)
T2F68 4706:676 JLINK_ReadReg(R15 (PC))  returns 0x00002878 (0000ms, 39634ms total)
T2F68 4706:677 JLINK_Go() -- CPU_WriteMem(4 bytes @ 0xE0001000) -- CPU_ReadMem(4 bytes @ 0xE0001000) -- CPU_WriteMem(4 bytes @ 0xE000ED30) -- CPU_WriteMem(4 bytes @ 0xE0001000) -- CPU_WriteMem(4 bytes @ 0xE0001020) -- CPU_WriteMem(4 bytes @ 0xE0001030) -- CPU_WriteMem(4 bytes @ 0xE0001024) -- CPU_WriteMem(4 bytes @ 0xE0001034) -- CPU_WriteMem(4 bytes @ 0xE0001028) -- CPU_WriteMem(4 bytes @ 0xE0001038) -- CPU_WriteMem(4 bytes @ 0xE0002008) (0002ms, 39636ms total)
T24D8 4706:679 JLINK_IsHalted() -- CPU_ReadMem(4 bytes @ 0x41002100)  returns FALSE (0002ms, 39638ms total)
T24D8 4706:722 JLINK_IsHalted() -- CPU_ReadMem(4 bytes @ 0x41002100)  returns FALSE (0001ms, 39637ms total)
T24D8 4706:884 JLINK_IsHalted() -- CPU_ReadMem(4 bytes @ 0x41002100)  returns FALSE (0000ms, 39637ms total)
T39D0 4706:909 JLINK_EMU_GetList(InterfaceMask = 0x00000001, MaxInfos = 0x00000032) [0]: USB, S/N: 260104226  returns 0x01 (0001ms, 39638ms total)
T39D0 4706:911 JLINK_EMU_GetList(InterfaceMask = 0x00000002, MaxInfos = 0x00000032)   returns 0x00 (0026ms, 39664ms total)
T24D8 4707:086 JLINK_IsHalted() -- CPU_ReadMem(4 bytes @ 0x41002100)  returns FALSE (0001ms, 39665ms total)
T24D8 4707:289 JLINK_IsHalted() -- CPU_ReadMem(4 bytes @ 0x41002100)  returns FALSE (0001ms, 39665ms total)
T24D8 4707:491 JLINK_IsHalted() -- CPU_ReadMem(4 bytes @ 0x41002100)  returns FALSE (0000ms, 39664ms total)
T24D8 4707:693 JLINK_IsHalted() -- CPU_ReadMem(4 bytes @ 0x41002100)  returns FALSE (0001ms, 39665ms total)
T24D8 4707:897 JLINK_IsHalted() -- CPU_ReadMem(4 bytes @ 0x41002100)  returns FALSE (0000ms, 39664ms total)
T39D0 4707:969 JLINK_EMU_GetList(InterfaceMask = 0x00000001, MaxInfos = 0x00000032) [0]: USB, S/N: 260104226  returns 0x01 (0001ms, 39665ms total)
T39D0 4707:970 JLINK_EMU_GetList(InterfaceMask = 0x00000002, MaxInfos = 0x00000032)   returns 0x00 (0024ms, 39689ms total)
T24D8 4708:101 JLINK_IsHalted() -- CPU_ReadMem(4 bytes @ 0x41002100)  returns FALSE (0000ms, 39689ms total)
T24D8 4708:302 JLINK_IsHalted() -- CPU_ReadMem(4 bytes @ 0x41002100)  returns FALSE (0000ms, 39689ms total)
T24D8 4708:503 JLINK_IsHalted() -- CPU_ReadMem(4 bytes @ 0x41002100)  returns FALSE (0001ms, 39690ms total)
T24D8 4708:704 JLINK_IsHalted() -- CPU_ReadMem(4 bytes @ 0x41002100)  returns FALSE (0000ms, 39689ms total)
T24D8 4708:906 JLINK_IsHalted() -- CPU_ReadMem(4 bytes @ 0x41002100)  returns FALSE (0001ms, 39690ms total)
T39D0 4709:030 JLINK_EMU_GetList(InterfaceMask = 0x00000001, MaxInfos = 0x00000032) [0]: USB, S/N: 260104226  returns 0x01 (0001ms, 39690ms total)
T39D0 4709:031 JLINK_EMU_GetList(InterfaceMask = 0x00000002, MaxInfos = 0x00000032)   returns 0x00 (0025ms, 39715ms total)
T24D8 4709:107 JLINK_IsHalted() -- CPU_ReadMem(4 bytes @ 0x41002100)  returns FALSE (0001ms, 39716ms total)
T24D8 4709:309 JLINK_IsHalted() -- CPU_ReadMem(4 bytes @ 0x41002100)  returns FALSE (0001ms, 39717ms total)
T24D8 4709:512 JLINK_IsHalted() -- CPU_ReadMem(4 bytes @ 0x41002100)  returns FALSE (0001ms, 39717ms total)
T24D8 4709:715 JLINK_IsHalted() -- CPU_ReadMem(4 bytes @ 0x41002100)  returns FALSE (0001ms, 39718ms total)
T24D8 4709:918 JLINK_IsHalted() -- CPU_ReadMem(4 bytes @ 0x41002100)  returns FALSE (0001ms, 39718ms total)
T24D8 4710:122 JLINK_IsHalted() -- CPU_ReadMem(4 bytes @ 0x41002100)  returns FALSE (0001ms, 39718ms total)
T39D0 4710:134 JLINK_EMU_GetList(InterfaceMask = 0x00000001, MaxInfos = 0x00000032) [0]: USB, S/N: 260104226  returns 0x01 (0002ms, 39719ms total)
T39D0 4710:136 JLINK_EMU_GetList(InterfaceMask = 0x00000002, MaxInfos = 0x00000032)   returns 0x00 (0026ms, 39745ms total)
T24D8 4710:325 JLINK_IsHalted() -- CPU_ReadMem(4 bytes @ 0x41002100)  returns FALSE (0000ms, 39745ms total)
T24D8 4710:526 JLINK_IsHalted() -- CPU_ReadMem(4 bytes @ 0x41002100)  returns FALSE (0001ms, 39746ms total)
T24D8 4710:735 JLINK_IsHalted() -- CPU_ReadMem(4 bytes @ 0x41002100)  returns FALSE (0002ms, 39747ms total)
T24D8 4710:940 JLINK_IsHalted() -- CPU_ReadMem(4 bytes @ 0x41002100)  returns FALSE (0001ms, 39746ms total)
T24D8 4711:143 JLINK_IsHalted() -- CPU_ReadMem(4 bytes @ 0x41002100)  returns FALSE (0002ms, 39747ms total)
T39D0 4711:226 JLINK_EMU_GetList(InterfaceMask = 0x00000001, MaxInfos = 0x00000032) [0]: USB, S/N: 260104226  returns 0x01 (0002ms, 39747ms total)
T39D0 4711:228 JLINK_EMU_GetList(InterfaceMask = 0x00000002, MaxInfos = 0x00000032)   returns 0x00 (0025ms, 39772ms total)
T24D8 4711:345 JLINK_IsHalted() -- CPU_ReadMem(4 bytes @ 0x41002100)  returns FALSE (0001ms, 39773ms total)
T24D8 4711:550 JLINK_IsHalted() -- CPU_ReadMem(4 bytes @ 0x41002100)  returns FALSE (0001ms, 39773ms total)
T24D8 4711:758 JLINK_IsHalted() -- CPU_ReadMem(4 bytes @ 0x41002100)  returns FALSE (0001ms, 39773ms total)
T24D8 4711:961 JLINK_IsHalted() -- CPU_ReadMem(4 bytes @ 0x41002100)  returns FALSE (0002ms, 39774ms total)
T24D8 4712:164 JLINK_IsHalted() -- CPU_ReadMem(4 bytes @ 0x41002100)  returns FALSE (0001ms, 39773ms total)
T39D0 4712:331 JLINK_EMU_GetList(InterfaceMask = 0x00000001, MaxInfos = 0x00000032) [0]: USB, S/N: 260104226  returns 0x01 (0001ms, 39773ms total)
T39D0 4712:333 JLINK_EMU_GetList(InterfaceMask = 0x00000002, MaxInfos = 0x00000032)   returns 0x00 (0026ms, 39799ms total)
T24D8 4712:367 JLINK_IsHalted() -- CPU_ReadMem(4 bytes @ 0x41002100)  returns FALSE (0001ms, 39800ms total)
T24D8 4712:572 JLINK_IsHalted() -- CPU_ReadMem(4 bytes @ 0x41002100)  returns FALSE (0001ms, 39800ms total)
T24D8 4712:776 JLINK_IsHalted() -- CPU_ReadMem(4 bytes @ 0x41002100)  returns FALSE (0001ms, 39800ms total)
T24D8 4712:981 JLINK_IsHalted() -- CPU_ReadMem(4 bytes @ 0x41002100)  returns FALSE (0001ms, 39800ms total)
T24D8 4713:182 JLINK_IsHalted() -- CPU_ReadMem(4 bytes @ 0x41002100)  returns FALSE (0001ms, 39800ms total)
T24D8 4713:384 JLINK_IsHalted() -- CPU_ReadMem(4 bytes @ 0x41002100)  returns FALSE (0001ms, 39800ms total)
T39D0 4713:454 JLINK_EMU_GetList(InterfaceMask = 0x00000001, MaxInfos = 0x00000032) [0]: USB, S/N: 260104226  returns 0x01 (0003ms, 39802ms total)
T39D0 4713:457 JLINK_EMU_GetList(InterfaceMask = 0x00000002, MaxInfos = 0x00000032)   returns 0x00 (0028ms, 39830ms total)
T24D8 4713:585 JLINK_IsHalted() -- CPU_ReadMem(4 bytes @ 0x41002100)  returns FALSE (0001ms, 39831ms total)
T24D8 4713:788 JLINK_IsHalted() -- CPU_ReadMem(4 bytes @ 0x41002100)  returns FALSE (0002ms, 39832ms total)
T24D8 4713:992 JLINK_IsHalted() -- CPU_ReadMem(4 bytes @ 0x41002100)  returns FALSE (0001ms, 39831ms total)
T24D8 4714:195 JLINK_IsHalted() -- CPU_ReadMem(4 bytes @ 0x41002100)  returns FALSE (0001ms, 39831ms total)
T24D8 4714:398 JLINK_IsHalted() -- CPU_ReadMem(4 bytes @ 0x41002100)  returns FALSE (0001ms, 39831ms total)
T39D0 4714:547 JLINK_EMU_GetList(InterfaceMask = 0x00000001, MaxInfos = 0x00000032) [0]: USB, S/N: 260104226  returns 0x01 (0001ms, 39831ms total)
T39D0 4714:548 JLINK_EMU_GetList(InterfaceMask = 0x00000002, MaxInfos = 0x00000032)   returns 0x00 (0026ms, 39857ms total)
T24D8 4714:599 JLINK_IsHalted() -- CPU_ReadMem(4 bytes @ 0x41002100)  returns FALSE (0000ms, 39857ms total)
T24D8 4714:802 JLINK_IsHalted() -- CPU_ReadMem(4 bytes @ 0x41002100)  returns FALSE (0000ms, 39857ms total)
T24D8 4715:003 JLINK_IsHalted() -- CPU_ReadMem(4 bytes @ 0x41002100)  returns FALSE (0002ms, 39859ms total)
T24D8 4715:208 JLINK_IsHalted() -- CPU_ReadMem(4 bytes @ 0x41002100)  returns FALSE (0001ms, 39858ms total)
T24D8 4715:410 JLINK_IsHalted() -- CPU_ReadMem(4 bytes @ 0x41002100)  returns FALSE (0001ms, 39858ms total)
T24D8 4715:614 JLINK_IsHalted() -- CPU_ReadMem(4 bytes @ 0x41002100)  returns FALSE (0000ms, 39857ms total)
T39D0 4715:634 JLINK_EMU_GetList(InterfaceMask = 0x00000001, MaxInfos = 0x00000032) [0]: USB, S/N: 260104226  returns 0x01 (0001ms, 39858ms total)
T39D0 4715:635 JLINK_EMU_GetList(InterfaceMask = 0x00000002, MaxInfos = 0x00000032)   returns 0x00 (0025ms, 39883ms total)
T24D8 4715:816 JLINK_IsHalted() -- CPU_ReadMem(4 bytes @ 0x41002100)  returns FALSE (0002ms, 39885ms total)
T24D8 4716:020 JLINK_IsHalted() -- CPU_ReadMem(4 bytes @ 0x41002100)  returns FALSE (0002ms, 39885ms total)
T24D8 4716:229 JLINK_IsHalted() -- CPU_ReadMem(4 bytes @ 0x41002100)  returns FALSE (0000ms, 39883ms total)
T24D8 4716:430 JLINK_IsHalted() -- CPU_ReadMem(4 bytes @ 0x41002100)  returns FALSE (0001ms, 39884ms total)
T24D8 4716:635 JLINK_IsHalted() -- CPU_ReadMem(4 bytes @ 0x41002100)  returns FALSE (0001ms, 39884ms total)
T39D0 4716:755 JLINK_EMU_GetList(InterfaceMask = 0x00000001, MaxInfos = 0x00000032) [0]: USB, S/N: 260104226  returns 0x01 (0003ms, 39886ms total)
T39D0 4716:758 JLINK_EMU_GetList(InterfaceMask = 0x00000002, MaxInfos = 0x00000032)   returns 0x00 (0028ms, 39914ms total)
T24D8 4716:837 JLINK_IsHalted() -- CPU_ReadMem(4 bytes @ 0x41002100)  returns FALSE (0001ms, 39915ms total)
T24D8 4717:042 JLINK_IsHalted() -- CPU_ReadMem(4 bytes @ 0x41002100)  returns FALSE (0001ms, 39915ms total)
T24D8 4717:245 JLINK_IsHalted() -- CPU_ReadMem(4 bytes @ 0x41002100)  returns FALSE (0001ms, 39915ms total)
T24D8 4717:450 JLINK_IsHalted() -- CPU_ReadMem(4 bytes @ 0x41002100)  returns FALSE (0001ms, 39915ms total)
T24D8 4717:653 JLINK_IsHalted() -- CPU_ReadMem(4 bytes @ 0x41002100)  returns FALSE (0001ms, 39915ms total)
T39D0 4717:845 JLINK_EMU_GetList(InterfaceMask = 0x00000001, MaxInfos = 0x00000032) [0]: USB, S/N: 260104226  returns 0x01 (0002ms, 39916ms total)
T39D0 4717:847 JLINK_EMU_GetList(InterfaceMask = 0x00000002, MaxInfos = 0x00000032)   returns 0x00 (0025ms, 39941ms total)
T24D8 4717:872 JLINK_IsHalted() -- CPU_ReadMem(4 bytes @ 0x41002100)  returns FALSE (0000ms, 39941ms total)
T24D8 4718:074 JLINK_IsHalted() -- CPU_ReadMem(4 bytes @ 0x41002100)  returns FALSE (0001ms, 39942ms total)
T24D8 4718:275 JLINK_IsHalted() -- CPU_ReadMem(4 bytes @ 0x41002100)  returns FALSE (0001ms, 39942ms total)
T24D8 4718:478 JLINK_IsHalted() -- CPU_ReadMem(4 bytes @ 0x41002100)  returns FALSE (0001ms, 39942ms total)
T24D8 4718:680 JLINK_IsHalted() -- CPU_ReadMem(4 bytes @ 0x41002100)  returns FALSE (0000ms, 39941ms total)
T24D8 4718:883 JLINK_IsHalted() -- CPU_ReadMem(4 bytes @ 0x41002100)  returns FALSE (0001ms, 39942ms total)
T39D0 4718:935 JLINK_EMU_GetList(InterfaceMask = 0x00000001, MaxInfos = 0x00000032) [0]: USB, S/N: 260104226  returns 0x01 (0001ms, 39942ms total)
T39D0 4718:936 JLINK_EMU_GetList(InterfaceMask = 0x00000002, MaxInfos = 0x00000032)   returns 0x00 (0025ms, 39967ms total)
T24D8 4719:086 JLINK_IsHalted() -- CPU_ReadMem(4 bytes @ 0x41002100)  returns FALSE (0001ms, 39968ms total)
T24D8 4719:287 JLINK_IsHalted() -- CPU_ReadMem(4 bytes @ 0x41002100)  returns FALSE (0001ms, 39968ms total)
T24D8 4719:493 JLINK_IsHalted() -- CPU_ReadMem(4 bytes @ 0x41002100)  returns FALSE (0001ms, 39968ms total)
T24D8 4719:696 JLINK_IsHalted() -- CPU_ReadMem(4 bytes @ 0x41002100)  returns FALSE (0001ms, 39968ms total)
T24D8 4719:898 JLINK_IsHalted() -- CPU_ReadMem(4 bytes @ 0x41002100)  returns FALSE (0001ms, 39968ms total)
T39D0 4720:033 JLINK_EMU_GetList(InterfaceMask = 0x00000001, MaxInfos = 0x00000032) [0]: USB, S/N: 260104226  returns 0x01 (0001ms, 39968ms total)
T39D0 4720:034 JLINK_EMU_GetList(InterfaceMask = 0x00000002, MaxInfos = 0x00000032)   returns 0x00 (0026ms, 39994ms total)
T24D8 4720:100 JLINK_IsHalted() -- CPU_ReadMem(4 bytes @ 0x41002100)  returns FALSE (0001ms, 39995ms total)
T24D8 4720:310 JLINK_IsHalted() -- CPU_ReadMem(4 bytes @ 0x41002100)  returns FALSE (0001ms, 39995ms total)
T24D8 4720:513 JLINK_IsHalted() -- CPU_ReadMem(4 bytes @ 0x41002100)  returns FALSE (0000ms, 39994ms total)
T24D8 4720:715 JLINK_IsHalted() -- CPU_ReadMem(4 bytes @ 0x41002100)  returns FALSE (0001ms, 39995ms total)
T24D8 4720:919 JLINK_IsHalted() -- CPU_ReadMem(4 bytes @ 0x41002100)  returns FALSE (0001ms, 39995ms total)
T24D8 4721:123 JLINK_IsHalted() -- CPU_ReadMem(4 bytes @ 0x41002100)  returns FALSE (0001ms, 39995ms total)
T39D0 4721:152 JLINK_EMU_GetList(InterfaceMask = 0x00000001, MaxInfos = 0x00000032) [0]: USB, S/N: 260104226  returns 0x01 (0001ms, 39995ms total)
T39D0 4721:153 JLINK_EMU_GetList(InterfaceMask = 0x00000002, MaxInfos = 0x00000032)   returns 0x00 (0027ms, 40022ms total)
T24D8 4721:324 JLINK_IsHalted() -- CPU_ReadMem(4 bytes @ 0x41002100)  returns FALSE (0001ms, 40023ms total)
T24D8 4721:529 JLINK_IsHalted() -- CPU_ReadMem(4 bytes @ 0x41002100)  returns FALSE (0001ms, 40023ms total)
T24D8 4721:732 JLINK_IsHalted() -- CPU_ReadMem(4 bytes @ 0x41002100)  returns FALSE (0002ms, 40024ms total)
T24D8 4721:935 JLINK_IsHalted() -- CPU_ReadMem(4 bytes @ 0x41002100)  returns FALSE (0001ms, 40023ms total)
T24D8 4722:141 JLINK_IsHalted() -- CPU_ReadMem(4 bytes @ 0x41002100)  returns FALSE (0001ms, 40023ms total)
T39D0 4722:251 JLINK_EMU_GetList(InterfaceMask = 0x00000001, MaxInfos = 0x00000032) [0]: USB, S/N: 260104226  returns 0x01 (0001ms, 40023ms total)
T39D0 4722:253 JLINK_EMU_GetList(InterfaceMask = 0x00000002, MaxInfos = 0x00000032)   returns 0x00 (0025ms, 40048ms total)
T24D8 4722:344 JLINK_IsHalted() -- CPU_ReadMem(4 bytes @ 0x41002100)  returns FALSE (0001ms, 40049ms total)
T24D8 4722:554 JLINK_IsHalted() -- CPU_ReadMem(4 bytes @ 0x41002100)  returns FALSE (0001ms, 40049ms total)
T24D8 4722:758 JLINK_IsHalted() -- CPU_ReadMem(4 bytes @ 0x41002100)  returns FALSE (0001ms, 40049ms total)
T24D8 4722:961 JLINK_IsHalted() -- CPU_ReadMem(4 bytes @ 0x41002100)  returns FALSE (0001ms, 40049ms total)
T24D8 4723:164 JLINK_IsHalted() -- CPU_ReadMem(4 bytes @ 0x41002100)  returns FALSE (0001ms, 40049ms total)
T39D0 4723:345 JLINK_EMU_GetList(InterfaceMask = 0x00000001, MaxInfos = 0x00000032) [0]: USB, S/N: 260104226  returns 0x01 (0002ms, 40050ms total)
T39D0 4723:347 JLINK_EMU_GetList(InterfaceMask = 0x00000002, MaxInfos = 0x00000032)   returns 0x00 (0026ms, 40076ms total)
T24D8 4723:373 JLINK_IsHalted() -- CPU_ReadMem(4 bytes @ 0x41002100)  returns FALSE (0001ms, 40077ms total)
T24D8 4723:575 JLINK_IsHalted() -- CPU_ReadMem(4 bytes @ 0x41002100)  returns FALSE (0001ms, 40078ms total)
T24D8 4723:785 JLINK_IsHalted() -- CPU_ReadMem(4 bytes @ 0x41002100)  returns FALSE (0001ms, 40079ms total)
T24D8 4723:988 JLINK_IsHalted() -- CPU_ReadMem(4 bytes @ 0x41002100)  returns FALSE (0001ms, 40079ms total)
T24D8 4724:190 JLINK_IsHalted() -- CPU_ReadMem(4 bytes @ 0x41002100)  returns FALSE (0001ms, 40080ms total)
T24D8 4724:392 JLINK_IsHalted() -- CPU_ReadMem(4 bytes @ 0x41002100)  returns FALSE (0001ms, 40080ms total)
T39D0 4724:447 JLINK_EMU_GetList(InterfaceMask = 0x00000001, MaxInfos = 0x00000032) [0]: USB, S/N: 260104226  returns 0x01 (0001ms, 40080ms total)
T39D0 4724:449 JLINK_EMU_GetList(InterfaceMask = 0x00000002, MaxInfos = 0x00000032)   returns 0x00 (0024ms, 40104ms total)
T24D8 4724:595 JLINK_IsHalted() -- CPU_ReadMem(4 bytes @ 0x41002100)  returns FALSE (0001ms, 40105ms total)
T24D8 4724:801 JLINK_IsHalted() -- CPU_ReadMem(4 bytes @ 0x41002100)  returns FALSE (0001ms, 40105ms total)
T24D8 4725:003 JLINK_IsHalted() -- CPU_ReadMem(4 bytes @ 0x41002100)  returns FALSE (0001ms, 40105ms total)
T24D8 4725:205 JLINK_IsHalted() -- CPU_ReadMem(4 bytes @ 0x41002100)  returns FALSE (0001ms, 40105ms total)
T24D8 4725:409 JLINK_IsHalted() -- CPU_ReadMem(4 bytes @ 0x41002100)  returns FALSE (0000ms, 40104ms total)
T39D0 4725:551 JLINK_EMU_GetList(InterfaceMask = 0x00000001, MaxInfos = 0x00000032) [0]: USB, S/N: 260104226  returns 0x01 (0001ms, 40105ms total)
T39D0 4725:552 JLINK_EMU_GetList(InterfaceMask = 0x00000002, MaxInfos = 0x00000032)   returns 0x00 (0026ms, 40131ms total)
T24D8 4725:609 JLINK_IsHalted() -- CPU_ReadMem(4 bytes @ 0x41002100)  returns FALSE (0001ms, 40132ms total)
T24D8 4725:813 JLINK_IsHalted() -- CPU_ReadMem(4 bytes @ 0x41002100)  returns FALSE (0000ms, 40131ms total)
T24D8 4726:021 JLINK_IsHalted() -- CPU_ReadMem(4 bytes @ 0x41002100)  returns FALSE (0001ms, 40132ms total)
T24D8 4726:226 JLINK_IsHalted() -- CPU_ReadMem(4 bytes @ 0x41002100)  returns FALSE (0000ms, 40131ms total)
T24D8 4726:429 JLINK_IsHalted() -- CPU_ReadMem(4 bytes @ 0x41002100)  returns FALSE (0001ms, 40132ms total)
T24D8 4726:634 JLINK_IsHalted() -- CPU_ReadMem(4 bytes @ 0x41002100)  returns FALSE (0001ms, 40132ms total)
T39D0 4726:672 JLINK_EMU_GetList(InterfaceMask = 0x00000001, MaxInfos = 0x00000032) [0]: USB, S/N: 260104226  returns 0x01 (0002ms, 40133ms total)
T39D0 4726:674 JLINK_EMU_GetList(InterfaceMask = 0x00000002, MaxInfos = 0x00000032)   returns 0x00 (0025ms, 40158ms total)
T24D8 4726:837 JLINK_IsHalted() -- CPU_ReadMem(4 bytes @ 0x41002100)  returns FALSE (0001ms, 40159ms total)
T24D8 4727:038 JLINK_IsHalted() -- CPU_ReadMem(4 bytes @ 0x41002100)  returns FALSE (0001ms, 40159ms total)
T24D8 4727:250 JLINK_IsHalted() -- CPU_ReadMem(4 bytes @ 0x41002100)  returns FALSE (0001ms, 40159ms total)
T24D8 4727:457 JLINK_IsHalted() -- CPU_ReadMem(4 bytes @ 0x41002100)  returns FALSE (0000ms, 40158ms total)
T24D8 4727:659 JLINK_IsHalted() -- CPU_ReadMem(4 bytes @ 0x41002100)  returns FALSE (0001ms, 40159ms total)
T39D0 4727:785 JLINK_EMU_GetList(InterfaceMask = 0x00000001, MaxInfos = 0x00000032) [0]: USB, S/N: 260104226  returns 0x01 (0001ms, 40159ms total)
T39D0 4727:786 JLINK_EMU_GetList(InterfaceMask = 0x00000002, MaxInfos = 0x00000032)   returns 0x00 (0025ms, 40184ms total)
T24D8 4727:861 JLINK_IsHalted() -- CPU_ReadMem(4 bytes @ 0x41002100)  returns FALSE (0001ms, 40185ms total)
T24D8 4728:063 JLINK_IsHalted() -- CPU_ReadMem(4 bytes @ 0x41002100)  returns FALSE (0001ms, 40185ms total)
T24D8 4728:267 JLINK_IsHalted() -- CPU_ReadMem(4 bytes @ 0x41002100)  returns FALSE (0001ms, 40185ms total)
T24D8 4728:471 JLINK_IsHalted() -- CPU_ReadMem(4 bytes @ 0x41002100)  returns FALSE (0001ms, 40185ms total)
T24D8 4728:673 JLINK_IsHalted() -- CPU_ReadMem(4 bytes @ 0x41002100)  returns FALSE (0001ms, 40185ms total)
T24D8 4728:876 JLINK_IsHalted() -- CPU_ReadMem(4 bytes @ 0x41002100)  returns FALSE (0000ms, 40184ms total)
T39D0 4728:881 JLINK_EMU_GetList(InterfaceMask = 0x00000001, MaxInfos = 0x00000032) [0]: USB, S/N: 260104226  returns 0x01 (0001ms, 40185ms total)
T39D0 4728:882 JLINK_EMU_GetList(InterfaceMask = 0x00000002, MaxInfos = 0x00000032)   returns 0x00 (0025ms, 40210ms total)
T24D8 4729:079 JLINK_IsHalted() -- CPU_ReadMem(4 bytes @ 0x41002100)  returns FALSE (0001ms, 40211ms total)
T24D8 4729:281 JLINK_IsHalted() -- CPU_ReadMem(4 bytes @ 0x41002100)  returns FALSE (0000ms, 40210ms total)
T24D8 4729:484 JLINK_IsHalted() -- CPU_ReadMem(4 bytes @ 0x41002100)  returns FALSE (0001ms, 40211ms total)
T24D8 4729:686 JLINK_IsHalted() -- CPU_ReadMem(4 bytes @ 0x41002100)  returns FALSE (0002ms, 40212ms total)
T24D8 4729:889 JLINK_IsHalted() -- CPU_ReadMem(4 bytes @ 0x41002100)  returns FALSE (0001ms, 40211ms total)
T39D0 4729:977 JLINK_EMU_GetList(InterfaceMask = 0x00000001, MaxInfos = 0x00000032) [0]: USB, S/N: 260104226  returns 0x01 (0001ms, 40211ms total)
T39D0 4729:978 JLINK_EMU_GetList(InterfaceMask = 0x00000002, MaxInfos = 0x00000032)   returns 0x00 (0027ms, 40238ms total)
T24D8 4730:092 JLINK_IsHalted() -- CPU_ReadMem(4 bytes @ 0x41002100)  returns FALSE (0001ms, 40239ms total)
T24D8 4730:293 JLINK_IsHalted() -- CPU_ReadMem(4 bytes @ 0x41002100)  returns FALSE (0001ms, 40239ms total)
T24D8 4730:495 JLINK_IsHalted() -- CPU_ReadMem(4 bytes @ 0x41002100)  returns FALSE (0001ms, 40239ms total)
T24D8 4730:696 JLINK_IsHalted() -- CPU_ReadMem(4 bytes @ 0x41002100)  returns FALSE (0001ms, 40239ms total)
T24D8 4730:901 JLINK_IsHalted() -- CPU_ReadMem(4 bytes @ 0x41002100)  returns FALSE (0001ms, 40239ms total)
T39D0 4731:078 JLINK_EMU_GetList(InterfaceMask = 0x00000001, MaxInfos = 0x00000032) [0]: USB, S/N: 260104226  returns 0x01 (0002ms, 40240ms total)
T39D0 4731:080 JLINK_EMU_GetList(InterfaceMask = 0x00000002, MaxInfos = 0x00000032)   returns 0x00 (0025ms, 40265ms total)
T24D8 4731:105 JLINK_IsHalted() -- CPU_ReadMem(4 bytes @ 0x41002100)  returns FALSE (0000ms, 40265ms total)
T24D8 4731:308 JLINK_IsHalted() -- CPU_ReadMem(4 bytes @ 0x41002100)  returns FALSE (0001ms, 40266ms total)
T24D8 4731:511 JLINK_IsHalted() -- CPU_ReadMem(4 bytes @ 0x41002100)  returns FALSE (0001ms, 40266ms total)
T24D8 4731:713 JLINK_IsHalted() -- CPU_ReadMem(4 bytes @ 0x41002100)  returns FALSE (0001ms, 40266ms total)
T24D8 4731:916 JLINK_IsHalted() -- CPU_ReadMem(4 bytes @ 0x41002100)  returns FALSE (0001ms, 40266ms total)
T2F68 4732:113 JLINK_Halt()  returns 0x00 (0003ms, 40268ms total)
T24D8 4732:124 JLINK_IsHalted()  returns TRUE (0000ms, 40268ms total)
T24D8 4732:124 JLINK_GetMOEs(...) -- CPU_ReadMem(4 bytes @ 0xE000ED30)  returns 0x01 (0000ms, 40268ms total)
T24D8 4732:124 JLINK_ReadReg(R15 (PC))  returns 0x00006928 (0000ms, 40268ms total)
T39D0 4732:139 JLINK_EMU_GetList(InterfaceMask = 0x00000001, MaxInfos = 0x00000032) [0]: USB, S/N: 260104226  returns 0x01 (0000ms, 40268ms total)
T39D0 4732:139 JLINK_EMU_GetList(InterfaceMask = 0x00000002, MaxInfos = 0x00000032)   returns 0x00 (0024ms, 40292ms total)
T24D8 4732:328 JLINK_IsHalted()  returns TRUE (0000ms, 40292ms total)
T0EA0 4732:330 JLINK_ResetPullsRESET(ON) (0000ms, 40292ms total)
T0EA0 4732:330 JLINK_ResetNoHalt()InitTarget() >0x10B TIF>Found SW-DP with ID 0x0BC11477 >0x0D TIF> >0x28 TIF> >0x0D TIF> >0x28 TIF> >0x0D TIF> >0x28 TIF> >0x0D TIF> >0x28 TIF> >0x0D TIF> >0x21 TIF> >0x0D TIF> >0x28 TIF>AP map detection skipped. Manually configured AP map found.AP[0]: AHB-AP (IDR: Not set) >0x42 TIF> >0x28 TIF> >0x0D TIF> >0x28 TIF> >0x0D TIF> >0x21 TIF> >0x0D TIF> >0x21 TIF> >0x42 TIF> >0x28 TIF> >0x0D TIF> >0x28 TIF> >0x0D TIF> >0x28 TIF> >0x0D TIF> >0x21 TIF> >0x0D TIF> >0x21 TIF>
AP[0]: Core foundAP[0]: AHB-AP ROM base: 0x41003000 >0x0D TIF> >0x28 TIF> >0x0D TIF> >0x28 TIF> >0x0D TIF> >0x28 TIF> >0x0D TIF> >0x21 TIF> >0x0D TIF> >0x21 TIF>CPUID register: 0x410CC601. Implementer code: 0x41 (ARM)Found Cortex-M0 r0p1, Little endian. -- Max. mem block: 0x00004058 -- CPU_ReadMem(4 bytes @ 0xE000EDF0) -- CPU_ReadMem(4 bytes @ 0xE0002000)FPUnit: 4 code (BP) slots and 0 literal slots -- CPU_ReadMem(4 bytes @ 0xE0001000)CoreSight components:ROMTbl[0] @ 41003000
 -- CPU_ReadMem(16 bytes @ 0x41003000) -- CPU_ReadMem(16 bytes @ 0xE00FFFF0) -- CPU_ReadMem(16 bytes @ 0xE00FFFE0)ROMTbl[0][0]: E00FF000, CID: B105100D, PID: 000BB4C0 ROM TableROMTbl[1] @ E00FF000 -- CPU_ReadMem(16 bytes @ 0xE00FF000) -- CPU_ReadMem(16 bytes @ 0xE000EFF0) -- CPU_ReadMem(16 bytes @ 0xE000EFE0)ROMTbl[1][0]: E000E000, CID: B105E00D, PID: 000BB008 SCS -- CPU_WriteMem(4 bytes @ 0xE0001000) -- CPU_ReadMem(16 bytes @ 0xE0001FF0) -- CPU_ReadMem(16 bytes @ 0xE0001FE0)
ROMTbl[1][1]: E0001000, CID: B105E00D, PID: 000BB00A DWT -- CPU_ReadMem(16 bytes @ 0xE0002FF0) -- CPU_ReadMem(16 bytes @ 0xE0002FE0)ROMTbl[1][2]: E0002000, CID: B105E00D, PID: 000BB00B FPB -- CPU_ReadMem(16 bytes @ 0x41006FF0) -- CPU_ReadMem(16 bytes @ 0x41006FE0)ROMTbl[0][1]: 41006000, CID: B105900D, PID: 001BB932 MTB-M0+
                JLINK_Reset() -- CPU_ReadMem(4 bytes @ 0xE000EDFC) -- CPU_WriteMem(4 bytes @ 0xE000EDFC) -- CPU_WriteMem(4 bytes @ 0xE000ED0C) -- CPU_ReadMem(4 bytes @ 0xE000EDF0) -- CPU_ReadMem(4 bytes @ 0x41002100) -- CPU_WriteMem(4 bytes @ 0xE000EDFC) -- CPU_WriteMem(4 bytes @ 0xE0002000) -- CPU_ReadMem(4 bytes @ 0xE000EDFC) -- CPU_ReadMem(4 bytes @ 0xE0001000) -- CPU_WriteMem(4 bytes @ 0xE0001000) (0009ms, 0009ms total)
                JLINK_Go() -- CPU_ReadMem(4 bytes @ 0xE0001000) -- CPU_WriteMem(4 bytes @ 0xE0001000) -- CPU_WriteMem(4 bytes @ 0xE0002008) -- CPU_WriteMem(4 bytes @ 0xE000200C) -- CPU_WriteMem(4 bytes @ 0xE0002010) -- CPU_WriteMem(4 bytes @ 0xE0002014) -- CPU_WriteMem(4 bytes @ 0xE0001004) (0002ms, 0011ms total)
               (0142ms, 40434ms total)
T0EA0 4732:493 JLINK_Close() -- CPU is running -- CPU_WriteMem(4 bytes @ 0xE0002008) -- CPU is running -- CPU_WriteMem(4 bytes @ 0xE000200C) -- CPU is running -- CPU_WriteMem(4 bytes @ 0xE0002010) -- CPU is running -- CPU_WriteMem(4 bytes @ 0xE0002014) >0x0D TIF> >0x28 TIF> >0x0D TIF> >0x28 TIF> >0x0D TIF> >0x28 TIF> >0x0D TIF> >0x28 TIF> >0x0D TIF> >0x28 TIF> >0x0D TIF> >0x28 TIF> >0x0D TIF> >0x28 TIF> >0x0D TIF> >0x28 TIF> >0x0D TIF> >0x21 TIF> >0x0D TIF> >0x28 TIF> (0048ms, 40483ms total)
T0EA0 4732:493  (0048ms, 40483ms total)
T0EA0 4732:493 Closed (0048ms, 40483ms total)
