T0EA0 7078:952 SEGGER J-Link V6.48a Log File (0003ms, 45778ms total)
T0EA0 7078:952 DLL Compiled: Jul 30 2019 15:16:09 (0003ms, 45778ms total)
T0EA0 7078:952 Logging started @ 2021-05-17 06:52 (0003ms, 45778ms total)
T0EA0 7079:148 JLINK_ExecCommand("Device = ATSAML21G18B", ...). Device "ATSAML21G18" selected.  returns 0x00 (0005ms, 45783ms total)
T0EA0 7079:211 JLINK_TIF_Select(JLINKARM_TIF_SWD)  returns 0x00 (0001ms, 45784ms total)
T0EA0 7079:212 JLINK_SetSpeed(4000) (0000ms, 45784ms total)
T0EA0 7079:212 JLINK_ResetPullsRESET(OFF) (0000ms, 45784ms total)
T0EA0 7079:212 JLINK_Connect()InitTarget() >0x10B TIF>Found SW-DP with ID 0x0BC11477 >0x0D TIF> >0x28 TIF> >0x0D TIF> >0x28 TIF> >0x0D TIF> >0x28 TIF> >0x0D TIF> >0x28 TIF> >0x0D TIF> >0x21 TIF> >0x0D TIF> >0x28 TIF>Scanning AP map to find all available APs >0x0D TIF> >0x28 TIF> >0x0D TIF> >0x21 TIF> >0x0D TIF> >0x21 TIF> >0x0D TIF> >0x28 TIF> >0x0D TIF> >0x21 TIF> >0x0D TIF> >0x21 TIF>AP[1]: Stopped AP scan as end of AP map has been reachedAP[0]: AHB-AP (IDR: 0x04770031)
Iterating through AP map to find AHB-AP to use >0x42 TIF> >0x28 TIF> >0x0D TIF> >0x28 TIF> >0x0D TIF> >0x21 TIF> >0x0D TIF> >0x21 TIF> >0x42 TIF> >0x28 TIF> >0x0D TIF> >0x28 TIF> >0x0D TIF> >0x28 TIF> >0x0D TIF> >0x21 TIF> >0x0D TIF> >0x21 TIF>AP[0]: Core foundAP[0]: AHB-AP ROM base: 0x41003000 >0x0D TIF> >0x28 TIF> >0x0D TIF> >0x28 TIF> >0x0D TIF> >0x28 TIF> >0x0D TIF> >0x21 TIF> >0x0D TIF> >0x21 TIF>CPUID register: 0x410CC601. Implementer code: 0x41 (ARM)Found Cortex-M0 r0p1, Little endian.
 -- Max. mem block: 0x00004508 -- CPU_ReadMem(4 bytes @ 0xE000EDF0) -- CPU_WriteMem(4 bytes @ 0xE000EDF0) -- CPU_ReadMem(4 bytes @ 0xE0002000)FPUnit: 4 code (BP) slots and 0 literal slots -- CPU_ReadMem(4 bytes @ 0xE000EDFC) -- CPU_WriteMem(4 bytes @ 0xE000EDFC) -- CPU_ReadMem(4 bytes @ 0xE0001000) -- CPU_WriteMem(4 bytes @ 0xE0001000)CoreSight components:ROMTbl[0] @ 41003000 -- CPU_ReadMem(16 bytes @ 0x41003000) -- CPU_ReadMem(16 bytes @ 0xE00FFFF0) -- CPU_ReadMem(16 bytes @ 0xE00FFFE0)
ROMTbl[0][0]: E00FF000, CID: B105100D, PID: 000BB4C0 ROM TableROMTbl[1] @ E00FF000 -- CPU_ReadMem(16 bytes @ 0xE00FF000) -- CPU_ReadMem(16 bytes @ 0xE000EFF0) -- CPU_ReadMem(16 bytes @ 0xE000EFE0)ROMTbl[1][0]: E000E000, CID: B105E00D, PID: 000BB008 SCS -- CPU_ReadMem(16 bytes @ 0xE0001FF0) -- CPU_ReadMem(16 bytes @ 0xE0001FE0)ROMTbl[1][1]: E0001000, CID: B105E00D, PID: 000BB00A DWT -- CPU_ReadMem(16 bytes @ 0xE0002FF0) -- CPU_ReadMem(16 bytes @ 0xE0002FE0)
ROMTbl[1][2]: E0002000, CID: B105E00D, PID: 000BB00B FPB -- CPU_ReadMem(16 bytes @ 0x41006FF0) -- CPU_ReadMem(16 bytes @ 0x41006FE0)ROMTbl[0][1]: 41006000, CID: B105900D, PID: 001BB932 MTB-M0+  returns 0x00 (0129ms, 45913ms total)
T0EA0 7079:341 JLINK_Halt()  returns 0x00 (0003ms, 45916ms total)
T0EA0 7079:345 JLINK_JTAG_GetDeviceID(DeviceIndex = 0)  returns 0x00 (0000ms, 45916ms total)
T0EA0 7079:345 JLINK_ReadMemU32(0x41002018, 0x0001 Items, ...) -- CPU_ReadMem(4 bytes @ 0x41002018) - Data: 14 02 81 10  returns 1 (0001ms, 45917ms total)
T3360 7079:356 JLINK_IsHalted()  returns TRUE (0000ms, 45917ms total)
T3360 7079:356 JLINK_GetMOEs(...) -- CPU_ReadMem(4 bytes @ 0xE000ED30)  returns 0x01 (0001ms, 45918ms total)
T3360 7079:357 JLINK_ReadReg(R15 (PC))  returns 0x000026FC (0000ms, 45918ms total)
T0EA0 7079:518 JLINK_BeginDownload(Flags = 0x00) (0000ms, 45918ms total)
T0EA0 7079:518 JLINK_WriteMem(0x00002000, 0x10A10 Bytes, ...) - Data: 00 80 00 20 F1 26 00 00 D3 26 00 00 ED 26 00 00 ... -- Read from flash cache (68112 bytes @ 0x00002000)  returns 0x10A10 (0001ms, 45919ms total)
T0EA0 7079:520 JLINK_WriteMem(0x00012A10, 0x0064 Bytes, ...) - Data: 10 B5 72 B6 11 4B 12 4A 04 33 93 42 08 D8 BF F3 ... -- Read from flash cache (100 bytes @ 0x00012A10)  returns 0x64 (0000ms, 45919ms total)
T0EA0 7079:520 JLINK_WriteMem(0x00012A74, 0x0310 Bytes, ...) - Data: 00 00 00 00 88 13 00 00 FF FF FF FF FF FF FF FF ... -- Read from flash cache (784 bytes @ 0x00012A74)  returns 0x310 (0000ms, 45919ms total)
T0EA0 7079:558 JLINK_EndDownload() -- CPU_ReadMem(4 bytes @ 0x41006004) -- CPU_ReadMem(4 bytes @ 0xE000ED90) -- -------------------------------------- -- Start of determining dirty areas in flash cache -- End of determining dirty areas -- Start of preparing flash programming -- Calculating RAM usage -- RAM usage = 5876 Bytes -- Preserving CPU registers -- Preparing memory -- Preparing target -- Downloading RAMCode -- Checking target RAM -- Preparing RAMCode -- End of preparing flash programming
 -- CPU speed could not be measured. -- Start of comparing flash -- CRC check was estimated as fastest method -- Comparing range 0x2000 - 0x11FFF (256 Sectors, 64 KB), using multi-block CRC calculation -- CRC does not match for sectors 0-255 -- Comparing range 0x12000 - 0x12DFF (14 Sectors, 3 KB), using multi-block CRC calculation -- CRC does not match for sectors 0-13 -- End of comparing flash -- Start of erasing sectors -- Erasing range 0x00002000 - 0x00009FFF (128 Sectors, 32 KB)
 -- Erasing range 0x0000A000 - 0x00010DFF (110 Sectors, 27 KB) -- End of erasing sectors -- Start of flash programming -- Programming range 0x00002000 - 0x00009FFF (128 Sectors, 32 KB) -- Programming range 0x0000A000 - 0x00011FFF (128 Sectors, 32 KB) -- Programming range 0x00012000 - 0x00012DFF ( 14 Sectors, 3 KB) -- End of flash programming -- 0x2000 - 0x12DFF (270 Sectors, 67 KB) -- Start of verifying flash -- Use CRC or checksum calculation as verify method -- End of verifying flash
 -- Start of restoring -- Restoring RAMCode -- Restore target -- Restore memory -- Restoring CPU registers -- End of restoring -- Bank 0 @ 0x00000000: 1 range affected (69120 bytes) -- Total time needed: 0.837s (Prepare: 0.029s, Compare: 0.033s, Erase: 0.281s, Program: 0.472s, Verify: 0.017s, Restore: 0.002s)  returns 0x10E00 (0839ms, 46758ms total)
T1A44 7080:397 JLINK_EMU_GetList(InterfaceMask = 0x00000001, MaxInfos = 0x00000032) [0]: USB, S/N: 260104226  returns 0x01 (0001ms, 46759ms total)
T0EA0 7080:398 JLINK_SetResetType(JLINKARM_CM3_RESET_TYPE_NORMAL)  returns JLINKARM_CM3_RESET_TYPE_NORMAL (0000ms, 46759ms total)
T0EA0 7080:398 JLINK_Reset() -- CPU_ReadMem(4 bytes @ 0x200006BC) -- CPU_WriteMem(4 bytes @ 0x200006BC) -- CPU_ReadMem(4 bytes @ 0xE000EDFC) -- CPU_WriteMem(4 bytes @ 0xE000EDFC) -- CPU_WriteMem(4 bytes @ 0xE000ED0C) -- CPU_ReadMem(4 bytes @ 0xE000EDF0) -- CPU_ReadMem(4 bytes @ 0x41002100) -- CPU_WriteMem(4 bytes @ 0xE000EDFC) -- CPU_WriteMem(4 bytes @ 0xE0002000) -- CPU_ReadMem(4 bytes @ 0xE000EDFC) -- CPU_ReadMem(4 bytes @ 0xE0001000) -- CPU_WriteMem(4 bytes @ 0xE0001000) (0010ms, 46769ms total)
T1A44 7080:408 JLINK_EMU_GetList(InterfaceMask = 0x00000002, MaxInfos = 0x00000032)   returns 0x00 (0027ms, 46796ms total)
T3360 7080:569 JLINK_IsHalted()  returns TRUE (0000ms, 46796ms total)
T3360 7080:773 JLINK_IsHalted()  returns TRUE (0001ms, 46797ms total)
T3360 7080:979 JLINK_IsHalted()  returns TRUE (0000ms, 46796ms total)
T3360 7081:183 JLINK_IsHalted()  returns TRUE (0000ms, 46796ms total)
T3360 7081:386 JLINK_IsHalted()  returns TRUE (0001ms, 46797ms total)
T1A44 7081:551 JLINK_EMU_GetList(InterfaceMask = 0x00000001, MaxInfos = 0x00000032) [0]: USB, S/N: 260104226  returns 0x01 (0001ms, 46797ms total)
T1A44 7081:552 JLINK_EMU_GetList(InterfaceMask = 0x00000002, MaxInfos = 0x00000032)   returns 0x00 (0026ms, 46823ms total)
T3360 7081:590 JLINK_IsHalted()  returns TRUE (0000ms, 46823ms total)
T3360 7081:791 JLINK_IsHalted()  returns TRUE (0000ms, 46823ms total)
T3360 7081:992 JLINK_IsHalted()  returns TRUE (0000ms, 46823ms total)
T391C 7082:036 JLINK_Halt()  returns 0x00 (0000ms, 46823ms total)
T391C 7082:036 JLINK_ReadReg(R15 (PC))  returns 0x000026F0 (0000ms, 46823ms total)
T391C 7082:036 JLINK_ReadReg(R13 (SP))  returns 0x20008000 (0000ms, 46823ms total)
T391C 7082:074 JLINK_ReadMemHW(0x000026F0, 0x0004 Bytes, ...) -- CPU_ReadMem(4 bytes @ 0x000026F0) - Data: 70 B5 0F 49  returns 0x00 (0001ms, 46824ms total)
T391C 7082:076 JLINK_ReadReg(R0)  returns 0x40001000 (0000ms, 46824ms total)
T391C 7082:076 JLINK_ReadReg(R1)  returns 0x00000000 (0000ms, 46824ms total)
T391C 7082:076 JLINK_ReadReg(R2)  returns 0x00000000 (0000ms, 46824ms total)
T391C 7082:076 JLINK_ReadReg(R3)  returns 0x25B7E1A3 (0001ms, 46825ms total)
T391C 7082:077 JLINK_ReadReg(R4)  returns 0x20000664 (0000ms, 46825ms total)
T391C 7082:077 JLINK_ReadReg(R5)  returns 0x20000684 (0000ms, 46825ms total)
T391C 7082:077 JLINK_ReadReg(R6)  returns 0x20000684 (0000ms, 46825ms total)
T391C 7082:077 JLINK_ReadReg(R7)  returns 0x00000002 (0000ms, 46825ms total)
T391C 7082:077 JLINK_ReadReg(R8)  returns 0x0041E000 (0000ms, 46825ms total)
T391C 7082:077 JLINK_ReadReg(R9)  returns 0x20183562 (0000ms, 46825ms total)
T391C 7082:077 JLINK_ReadReg(R10)  returns 0x09A18091 (0001ms, 46826ms total)
T391C 7082:078 JLINK_ReadReg(R11)  returns 0x42918676 (0000ms, 46826ms total)
T391C 7082:078 JLINK_ReadReg(R12)  returns 0x200005D8 (0000ms, 46826ms total)
T391C 7082:078 JLINK_ReadReg(R13 (SP))  returns 0x20008000 (0000ms, 46826ms total)
T391C 7082:078 JLINK_ReadReg(R14)  returns 0x2000032F (0000ms, 46826ms total)
T391C 7082:078 JLINK_ReadReg(R15 (PC))  returns 0x000026F0 (0000ms, 46826ms total)
T391C 7082:078 JLINK_ReadReg(XPSR)  returns 0x61000000 (0000ms, 46826ms total)
T391C 7082:078 JLINK_ReadReg(MSP)  returns 0x20008000 (0000ms, 46826ms total)
T391C 7082:079 JLINK_ReadReg(PSP)  returns 0x889BCD2C (0000ms, 46826ms total)
T391C 7082:079 JLINK_ReadReg(PRIMASK)  returns 0x00000000 (0000ms, 46826ms total)
T391C 7082:079 JLINK_ReadReg(BASEPRI)  returns 0x00000000 (0000ms, 46826ms total)
T391C 7082:079 JLINK_ReadReg(FAULTMASK)  returns 0x00000000 (0000ms, 46826ms total)
T391C 7082:079 JLINK_ReadReg(CONTROL)  returns 0x00000000 (0000ms, 46826ms total)
T391C 7082:080 JLINK_ReadMemHW(0x000026F0, 0x0002 Bytes, ...) -- CPU_ReadMem(2 bytes @ 0x000026F0) - Data: 70 B5  returns 0x00 (0001ms, 46827ms total)
T3360 7082:195 JLINK_IsHalted()  returns TRUE (0000ms, 46827ms total)
T391C 7082:316 JLINK_ReadReg(R0)  returns 0x40001000 (0000ms, 46827ms total)
T391C 7082:316 JLINK_ReadReg(R1)  returns 0x00000000 (0000ms, 46827ms total)
T391C 7082:316 JLINK_ReadReg(R2)  returns 0x00000000 (0000ms, 46827ms total)
T391C 7082:316 JLINK_ReadReg(R3)  returns 0x25B7E1A3 (0000ms, 46827ms total)
T391C 7082:316 JLINK_ReadReg(R4)  returns 0x20000664 (0000ms, 46827ms total)
T391C 7082:316 JLINK_ReadReg(R5)  returns 0x20000684 (0000ms, 46827ms total)
T391C 7082:316 JLINK_ReadReg(R6)  returns 0x20000684 (0000ms, 46827ms total)
T391C 7082:316 JLINK_ReadReg(R7)  returns 0x00000002 (0000ms, 46827ms total)
T391C 7082:316 JLINK_ReadReg(R8)  returns 0x0041E000 (0000ms, 46827ms total)
T391C 7082:316 JLINK_ReadReg(R9)  returns 0x20183562 (0001ms, 46828ms total)
T391C 7082:318 JLINK_ReadReg(R10)  returns 0x09A18091 (0000ms, 46828ms total)
T391C 7082:318 JLINK_ReadReg(R11)  returns 0x42918676 (0000ms, 46828ms total)
T391C 7082:318 JLINK_ReadReg(R12)  returns 0x200005D8 (0000ms, 46828ms total)
T391C 7082:318 JLINK_ReadReg(R13 (SP))  returns 0x20008000 (0000ms, 46828ms total)
T391C 7082:318 JLINK_ReadReg(R14)  returns 0x2000032F (0000ms, 46828ms total)
T391C 7082:318 JLINK_ReadReg(R15 (PC))  returns 0x000026F0 (0000ms, 46828ms total)
T391C 7082:318 JLINK_ReadReg(XPSR)  returns 0x61000000 (0000ms, 46828ms total)
T391C 7082:318 JLINK_ReadReg(MSP)  returns 0x20008000 (0000ms, 46828ms total)
T391C 7082:318 JLINK_ReadReg(PSP)  returns 0x889BCD2C (0000ms, 46828ms total)
T391C 7082:318 JLINK_ReadReg(PRIMASK)  returns 0x00000000 (0000ms, 46828ms total)
T391C 7082:318 JLINK_ReadReg(BASEPRI)  returns 0x00000000 (0000ms, 46828ms total)
T391C 7082:318 JLINK_ReadReg(FAULTMASK)  returns 0x00000000 (0000ms, 46828ms total)
T391C 7082:318 JLINK_ReadReg(CONTROL)  returns 0x00000000 (0000ms, 46828ms total)
T391C 7082:371 JLINK_ReadMemHW(0x000026F0, 0x0004 Bytes, ...) -- CPU_ReadMem(4 bytes @ 0x000026F0) - Data: 70 B5 0F 49  returns 0x00 (0001ms, 46829ms total)
T3360 7082:400 JLINK_IsHalted()  returns TRUE (0000ms, 46829ms total)
T391C 7082:453 JLINK_SetResetType(JLINKARM_CM3_RESET_TYPE_NORMAL)  returns JLINKARM_CM3_RESET_TYPE_NORMAL (0000ms, 46829ms total)
T391C 7082:453 JLINK_Reset() -- CPU_ReadMem(4 bytes @ 0xE000EDFC) -- CPU_WriteMem(4 bytes @ 0xE000EDFC) -- CPU_WriteMem(4 bytes @ 0xE000ED0C) -- CPU_ReadMem(4 bytes @ 0xE000EDF0) -- CPU_ReadMem(4 bytes @ 0x41002100) -- CPU_WriteMem(4 bytes @ 0xE000EDFC) -- CPU_WriteMem(4 bytes @ 0xE0002000) -- CPU_ReadMem(4 bytes @ 0xE000EDFC) -- CPU_ReadMem(4 bytes @ 0xE0001000) -- CPU_WriteMem(4 bytes @ 0xE0001000) (0009ms, 46838ms total)
T3360 7082:463 JLINK_IsHalted()  returns TRUE (0000ms, 46838ms total)
T3360 7082:463 JLINK_GetMOEs(...) -- CPU_ReadMem(4 bytes @ 0xE000ED30)  returns 0x01 (0000ms, 46838ms total)
T3360 7082:463 JLINK_ReadReg(R15 (PC))  returns 0x000026F0 (0000ms, 46838ms total)
T391C 7082:473 JLINK_ReadReg(R15 (PC))  returns 0x000026F0 (0000ms, 46838ms total)
T391C 7082:473 JLINK_ReadReg(R13 (SP))  returns 0x20008000 (0000ms, 46838ms total)
T391C 7082:474 JLINK_ReadMemHW(0x000026F0, 0x0004 Bytes, ...) -- CPU_ReadMem(4 bytes @ 0x000026F0) - Data: 70 B5 0F 49  returns 0x00 (0000ms, 46838ms total)
T391C 7082:529 JLINK_ReadMemHW(0x00002848, 0x0001 Bytes, ...) -- CPU_ReadMem(1 bytes @ 0x00002848) - Data: 10  returns 0x00 (0001ms, 46839ms total)
T391C 7082:621 JLINK_ReadReg(R15 (PC))  returns 0x000026F0 (0000ms, 46839ms total)
T391C 7082:621 JLINK_GetNumBPUnits(Type = 0xFFFFFF02)  returns 0x04 (0000ms, 46839ms total)
T391C 7082:621 JLINK_SetBPEx(Addr = 0x00002848, Type = 0xFFFFFFF2)  returns 0x00000001 (0000ms, 46839ms total)
T391C 7082:621 JLINK_GetBPInfo(BPHandle = 1)  returns 0x00 (0000ms, 46839ms total)
T391C 7082:621 JLINK_Go() -- CPU_WriteMem(4 bytes @ 0xE0002000) -- CPU_ReadMem(4 bytes @ 0xE0001000) -- CPU_WriteMem(4 bytes @ 0xE000ED30) -- CPU_WriteMem(4 bytes @ 0xE0001000) -- CPU_WriteMem(4 bytes @ 0xE0002008) -- CPU_WriteMem(4 bytes @ 0xE000200C) -- CPU_WriteMem(4 bytes @ 0xE0002010) -- CPU_WriteMem(4 bytes @ 0xE0002014) -- CPU_WriteMem(4 bytes @ 0xE0001004) (0003ms, 46842ms total)
T3360 7082:624 JLINK_IsHalted() -- CPU_ReadMem(4 bytes @ 0x41002100)  returns FALSE (0000ms, 46842ms total)
T1A44 7082:631 JLINK_EMU_GetList(InterfaceMask = 0x00000001, MaxInfos = 0x00000032) [0]: USB, S/N: 260104226  returns 0x01 (0001ms, 46843ms total)
T1A44 7082:632 JLINK_EMU_GetList(InterfaceMask = 0x00000002, MaxInfos = 0x00000032)   returns 0x00 (0024ms, 46867ms total)
T3360 7082:656 JLINK_IsHalted()  returns TRUE (0002ms, 46869ms total)
T3360 7082:658 JLINK_GetMOEs(...) -- CPU_ReadMem(4 bytes @ 0xE000ED30)  returns 0x01 (0000ms, 46869ms total)
T3360 7082:658 JLINK_ReadReg(R15 (PC))  returns 0x00002848 (0000ms, 46869ms total)
T391C 7082:666 JLINK_ReadReg(R15 (PC))  returns 0x00002848 (0000ms, 46869ms total)
T391C 7082:666 JLINK_ReadReg(R13 (SP))  returns 0x20007FF0 (0000ms, 46869ms total)
T391C 7082:666 JLINK_ReadMemHW(0x00002848, 0x0004 Bytes, ...) -- CPU_ReadMem(4 bytes @ 0x00002848) - Data: 10 B5 01 F0  returns 0x00 (0001ms, 46870ms total)
T391C 7082:683 JLINK_WriteU32(0xE000EDFC, 0x01000000) -- CPU_WriteMem(4 bytes @ 0xE000EDFC)  returns 0 (0001ms, 46871ms total)
T391C 7082:684 JLINK_ReadMem (0xE0001000, 0x0004 Bytes, ...) -- CPU_ReadMem(4 bytes @ 0xE0001000) - Data: 00 00 00 20  returns 0x00 (0000ms, 46871ms total)
T391C 7082:684 JLINK_WriteU32(0xE0001000, 0x20000001)  returns 0 (0000ms, 46871ms total)
T391C 7082:684 JLINK_WriteU32(0xE0001028, 0x00000100)  returns 0 (0000ms, 46871ms total)
T391C 7082:684 JLINK_ReadMem (0xE0001028, 0x0004 Bytes, ...) -- CPU_WriteMem(4 bytes @ 0xE0001028) -- CPU_ReadMem(4 bytes @ 0xE0001028) - Data: 00 00 00 00  returns 0x00 (0001ms, 46872ms total)
T391C 7082:685 JLINK_WriteU32(0xE0001024, 0x0000001F)  returns 0 (0000ms, 46872ms total)
T391C 7082:685 JLINK_ReadMem (0xE0001024, 0x0004 Bytes, ...) -- CPU_WriteMem(4 bytes @ 0xE0001024) -- CPU_ReadMem(4 bytes @ 0xE0001024) - Data: 1F 00 00 00  returns 0x00 (0001ms, 46873ms total)
T391C 7082:686 JLINK_WriteU32(0xE0001038, 0x00000100)  returns 0 (0000ms, 46873ms total)
T391C 7082:686 JLINK_ReadMem (0xE0001038, 0x0004 Bytes, ...) -- CPU_WriteMem(4 bytes @ 0xE0001038) -- CPU_ReadMem(4 bytes @ 0xE0001038) - Data: 00 00 00 00  returns 0x00 (0001ms, 46874ms total)
T391C 7082:687 JLINK_WriteU32(0xE0001034, 0x0000001F)  returns 0 (0000ms, 46874ms total)
T391C 7082:687 JLINK_ReadMem (0xE0001034, 0x0004 Bytes, ...) -- CPU_WriteMem(4 bytes @ 0xE0001034) -- CPU_ReadMem(4 bytes @ 0xE0001034) - Data: 1F 00 00 00  returns 0x00 (0001ms, 46875ms total)
T391C 7082:688 JLINK_WriteU32(0xE0001020, 0x00000000)  returns 0 (0000ms, 46875ms total)
T391C 7082:688 JLINK_WriteU32(0xE0001024, 0x00000000)  returns 0 (0000ms, 46875ms total)
T391C 7082:688 JLINK_WriteU32(0xE0001028, 0x00000000)  returns 0 (0000ms, 46875ms total)
T391C 7082:688 JLINK_WriteU32(0xE0001030, 0x00000000)  returns 0 (0000ms, 46875ms total)
T391C 7082:688 JLINK_WriteU32(0xE0001034, 0x00000000)  returns 0 (0000ms, 46875ms total)
T391C 7082:688 JLINK_WriteU32(0xE0001038, 0x00000000)  returns 0 (0000ms, 46875ms total)
T391C 7082:688 JLINK_GetBPInfo(BPHandle = 1)  returns 0x00 (0000ms, 46875ms total)
T391C 7082:688 JLINK_ClrBPEx(BPHandle = 0x00000001)  returns 0x00 (0000ms, 46875ms total)
T391C 7082:688 JLINK_ReadReg(R15 (PC))  returns 0x00002848 (0000ms, 46875ms total)
T391C 7082:689 JLINK_Go() -- CPU_WriteMem(4 bytes @ 0xE0001000) -- CPU_ReadMem(4 bytes @ 0xE0001000) -- CPU_WriteMem(4 bytes @ 0xE000ED30) -- CPU_WriteMem(4 bytes @ 0xE0001000) -- CPU_WriteMem(4 bytes @ 0xE0001020) -- CPU_WriteMem(4 bytes @ 0xE0001030) -- CPU_WriteMem(4 bytes @ 0xE0001024) -- CPU_WriteMem(4 bytes @ 0xE0001034) -- CPU_WriteMem(4 bytes @ 0xE0001028) -- CPU_WriteMem(4 bytes @ 0xE0001038) -- CPU_WriteMem(4 bytes @ 0xE0002008) (0003ms, 46878ms total)
T3360 7082:692 JLINK_IsHalted() -- CPU_ReadMem(4 bytes @ 0x41002100)  returns FALSE (0000ms, 46878ms total)
T3360 7082:733 JLINK_IsHalted() -- CPU_ReadMem(4 bytes @ 0x41002100)  returns FALSE (0000ms, 46878ms total)
T3360 7082:895 JLINK_IsHalted() -- CPU_ReadMem(4 bytes @ 0x41002100)  returns FALSE (0000ms, 46878ms total)
T3360 7083:114 JLINK_IsHalted() -- CPU_ReadMem(4 bytes @ 0x41002100)  returns FALSE (0003ms, 46881ms total)
T3360 7083:322 JLINK_IsHalted() -- CPU_ReadMem(4 bytes @ 0x41002100)  returns FALSE (0001ms, 46879ms total)
T3360 7083:525 JLINK_IsHalted() -- CPU_ReadMem(4 bytes @ 0x41002100)  returns FALSE (0000ms, 46878ms total)
T1A44 7083:706 JLINK_EMU_GetList(InterfaceMask = 0x00000001, MaxInfos = 0x00000032) [0]: USB, S/N: 260104226  returns 0x01 (0002ms, 46880ms total)
T1A44 7083:708 JLINK_EMU_GetList(InterfaceMask = 0x00000002, MaxInfos = 0x00000032)   returns 0x00 (0025ms, 46905ms total)
T3360 7083:733 JLINK_IsHalted() -- CPU_ReadMem(4 bytes @ 0x41002100)  returns FALSE (0000ms, 46905ms total)
T3360 7083:936 JLINK_IsHalted() -- CPU_ReadMem(4 bytes @ 0x41002100)  returns FALSE (0000ms, 46905ms total)
T3360 7084:141 JLINK_IsHalted() -- CPU_ReadMem(4 bytes @ 0x41002100)  returns FALSE (0000ms, 46905ms total)
T3360 7084:341 JLINK_IsHalted() -- CPU_ReadMem(4 bytes @ 0x41002100)  returns FALSE (0000ms, 46905ms total)
T3360 7084:545 JLINK_IsHalted() -- CPU_ReadMem(4 bytes @ 0x41002100)  returns FALSE (0000ms, 46905ms total)
T3360 7084:746 JLINK_IsHalted() -- CPU_ReadMem(4 bytes @ 0x41002100)  returns FALSE (0000ms, 46905ms total)
T1A44 7084:765 JLINK_EMU_GetList(InterfaceMask = 0x00000001, MaxInfos = 0x00000032) [0]: USB, S/N: 260104226  returns 0x01 (0001ms, 46906ms total)
T1A44 7084:766 JLINK_EMU_GetList(InterfaceMask = 0x00000002, MaxInfos = 0x00000032)   returns 0x00 (0025ms, 46931ms total)
T3360 7084:953 JLINK_IsHalted() -- CPU_ReadMem(4 bytes @ 0x41002100)  returns FALSE (0001ms, 46932ms total)
T3360 7085:154 JLINK_IsHalted() -- CPU_ReadMem(4 bytes @ 0x41002100)  returns FALSE (0000ms, 46931ms total)
T3360 7085:356 JLINK_IsHalted() -- CPU_ReadMem(4 bytes @ 0x41002100)  returns FALSE (0001ms, 46932ms total)
T3360 7085:557 JLINK_IsHalted() -- CPU_ReadMem(4 bytes @ 0x41002100)  returns FALSE (0001ms, 46932ms total)
T3360 7085:759 JLINK_IsHalted() -- CPU_ReadMem(4 bytes @ 0x41002100)  returns FALSE (0001ms, 46932ms total)
T1A44 7085:862 JLINK_EMU_GetList(InterfaceMask = 0x00000001, MaxInfos = 0x00000032) [0]: USB, S/N: 260104226  returns 0x01 (0002ms, 46933ms total)
T1A44 7085:864 JLINK_EMU_GetList(InterfaceMask = 0x00000002, MaxInfos = 0x00000032)   returns 0x00 (0027ms, 46960ms total)
T3360 7085:964 JLINK_IsHalted() -- CPU_ReadMem(4 bytes @ 0x41002100)  returns FALSE (0000ms, 46960ms total)
T3360 7086:169 JLINK_IsHalted() -- CPU_ReadMem(4 bytes @ 0x41002100)  returns FALSE (0001ms, 46961ms total)
T3360 7086:371 JLINK_IsHalted() -- CPU_ReadMem(4 bytes @ 0x41002100)  returns FALSE (0001ms, 46961ms total)
T3360 7086:573 JLINK_IsHalted() -- CPU_ReadMem(4 bytes @ 0x41002100)  returns FALSE (0001ms, 46961ms total)
T3360 7086:776 JLINK_IsHalted() -- CPU_ReadMem(4 bytes @ 0x41002100)  returns FALSE (0001ms, 46961ms total)
T1A44 7086:955 JLINK_EMU_GetList(InterfaceMask = 0x00000001, MaxInfos = 0x00000032) [0]: USB, S/N: 260104226  returns 0x01 (0001ms, 46961ms total)
T1A44 7086:956 JLINK_EMU_GetList(InterfaceMask = 0x00000002, MaxInfos = 0x00000032)   returns 0x00 (0025ms, 46986ms total)
T3360 7086:981 JLINK_IsHalted() -- CPU_ReadMem(4 bytes @ 0x41002100)  returns FALSE (0000ms, 46986ms total)
T3360 7087:182 JLINK_IsHalted() -- CPU_ReadMem(4 bytes @ 0x41002100)  returns FALSE (0001ms, 46987ms total)
T3360 7087:387 JLINK_IsHalted() -- CPU_ReadMem(4 bytes @ 0x41002100)  returns FALSE (0001ms, 46987ms total)
T3360 7087:591 JLINK_IsHalted() -- CPU_ReadMem(4 bytes @ 0x41002100)  returns FALSE (0002ms, 46988ms total)
T3360 7087:795 JLINK_IsHalted() -- CPU_ReadMem(4 bytes @ 0x41002100)  returns FALSE (0001ms, 46987ms total)
T3360 7087:999 JLINK_IsHalted() -- CPU_ReadMem(4 bytes @ 0x41002100)  returns FALSE (0001ms, 46987ms total)
T1A44 7088:085 JLINK_EMU_GetList(InterfaceMask = 0x00000001, MaxInfos = 0x00000032) [0]: USB, S/N: 260104226  returns 0x01 (0003ms, 46989ms total)
T1A44 7088:088 JLINK_EMU_GetList(InterfaceMask = 0x00000002, MaxInfos = 0x00000032)   returns 0x00 (0029ms, 47018ms total)
T3360 7088:202 JLINK_IsHalted() -- CPU_ReadMem(4 bytes @ 0x41002100)  returns FALSE (0001ms, 47019ms total)
T3360 7088:403 JLINK_IsHalted() -- CPU_ReadMem(4 bytes @ 0x41002100)  returns FALSE (0000ms, 47018ms total)
T3360 7088:609 JLINK_IsHalted() -- CPU_ReadMem(4 bytes @ 0x41002100)  returns FALSE (0001ms, 47019ms total)
T3360 7088:813 JLINK_IsHalted() -- CPU_ReadMem(4 bytes @ 0x41002100)  returns FALSE (0001ms, 47019ms total)
T3360 7089:017 JLINK_IsHalted() -- CPU_ReadMem(4 bytes @ 0x41002100)  returns FALSE (0001ms, 47019ms total)
T1A44 7089:189 JLINK_EMU_GetList(InterfaceMask = 0x00000001, MaxInfos = 0x00000032) [0]: USB, S/N: 260104226  returns 0x01 (0001ms, 47019ms total)
T1A44 7089:190 JLINK_EMU_GetList(InterfaceMask = 0x00000002, MaxInfos = 0x00000032)   returns 0x00 (0027ms, 47046ms total)
T3360 7089:226 JLINK_IsHalted() -- CPU_ReadMem(4 bytes @ 0x41002100)  returns FALSE (0000ms, 47046ms total)
T3360 7089:428 JLINK_IsHalted() -- CPU_ReadMem(4 bytes @ 0x41002100)  returns FALSE (0000ms, 47046ms total)
T3360 7089:631 JLINK_IsHalted() -- CPU_ReadMem(4 bytes @ 0x41002100)  returns FALSE (0001ms, 47047ms total)
T3360 7089:835 JLINK_IsHalted() -- CPU_ReadMem(4 bytes @ 0x41002100)  returns FALSE (0001ms, 47047ms total)
T3360 7090:039 JLINK_IsHalted() -- CPU_ReadMem(4 bytes @ 0x41002100)  returns FALSE (0001ms, 47047ms total)
T3360 7090:246 JLINK_IsHalted() -- CPU_ReadMem(4 bytes @ 0x41002100)  returns FALSE (0001ms, 47047ms total)
T1A44 7090:307 JLINK_EMU_GetList(InterfaceMask = 0x00000001, MaxInfos = 0x00000032) [0]: USB, S/N: 260104226  returns 0x01 (0002ms, 47048ms total)
T1A44 7090:310 JLINK_EMU_GetList(InterfaceMask = 0x00000002, MaxInfos = 0x00000032)   returns 0x00 (0028ms, 47076ms total)
T3360 7090:447 JLINK_IsHalted() -- CPU_ReadMem(4 bytes @ 0x41002100)  returns FALSE (0000ms, 47076ms total)
T3360 7090:648 JLINK_IsHalted() -- CPU_ReadMem(4 bytes @ 0x41002100)  returns FALSE (0002ms, 47078ms total)
T3360 7090:852 JLINK_IsHalted() -- CPU_ReadMem(4 bytes @ 0x41002100)  returns FALSE (0001ms, 47077ms total)
T3360 7091:057 JLINK_IsHalted() -- CPU_ReadMem(4 bytes @ 0x41002100)  returns FALSE (0001ms, 47077ms total)
T3360 7091:261 JLINK_IsHalted() -- CPU_ReadMem(4 bytes @ 0x41002100)  returns FALSE (0001ms, 47077ms total)
T1A44 7091:413 JLINK_EMU_GetList(InterfaceMask = 0x00000001, MaxInfos = 0x00000032) [0]: USB, S/N: 260104226  returns 0x01 (0001ms, 47077ms total)
T1A44 7091:414 JLINK_EMU_GetList(InterfaceMask = 0x00000002, MaxInfos = 0x00000032)   returns 0x00 (0026ms, 47103ms total)
T3360 7091:466 JLINK_IsHalted() -- CPU_ReadMem(4 bytes @ 0x41002100)  returns FALSE (0000ms, 47103ms total)
T3360 7091:667 JLINK_IsHalted() -- CPU_ReadMem(4 bytes @ 0x41002100)  returns FALSE (0001ms, 47104ms total)
T3360 7091:869 JLINK_IsHalted() -- CPU_ReadMem(4 bytes @ 0x41002100)  returns FALSE (0001ms, 47104ms total)
T3360 7092:076 JLINK_IsHalted() -- CPU_ReadMem(4 bytes @ 0x41002100)  returns FALSE (0001ms, 47104ms total)
T3360 7092:277 JLINK_IsHalted() -- CPU_ReadMem(4 bytes @ 0x41002100)  returns FALSE (0001ms, 47105ms total)
T3360 7092:480 JLINK_IsHalted() -- CPU_ReadMem(4 bytes @ 0x41002100)  returns FALSE (0001ms, 47105ms total)
T1A44 7092:534 JLINK_EMU_GetList(InterfaceMask = 0x00000001, MaxInfos = 0x00000032) [0]: USB, S/N: 260104226  returns 0x01 (0001ms, 47105ms total)
T1A44 7092:535 JLINK_EMU_GetList(InterfaceMask = 0x00000002, MaxInfos = 0x00000032)   returns 0x00 (0025ms, 47130ms total)
T3360 7092:685 JLINK_IsHalted() -- CPU_ReadMem(4 bytes @ 0x41002100)  returns FALSE (0000ms, 47130ms total)
T3360 7092:890 JLINK_IsHalted() -- CPU_ReadMem(4 bytes @ 0x41002100)  returns FALSE (0001ms, 47131ms total)
T3360 7093:092 JLINK_IsHalted() -- CPU_ReadMem(4 bytes @ 0x41002100)  returns FALSE (0001ms, 47132ms total)
T3360 7093:293 JLINK_IsHalted() -- CPU_ReadMem(4 bytes @ 0x41002100)  returns FALSE (0002ms, 47134ms total)
T3360 7093:497 JLINK_IsHalted() -- CPU_ReadMem(4 bytes @ 0x41002100)  returns FALSE (0001ms, 47133ms total)
T1A44 7093:660 JLINK_EMU_GetList(InterfaceMask = 0x00000001, MaxInfos = 0x00000032) [0]: USB, S/N: 260104226  returns 0x01 (0003ms, 47135ms total)
T1A44 7093:663 JLINK_EMU_GetList(InterfaceMask = 0x00000002, MaxInfos = 0x00000032)   returns 0x00 (0029ms, 47164ms total)
T3360 7093:699 JLINK_IsHalted() -- CPU_ReadMem(4 bytes @ 0x41002100)  returns FALSE (0001ms, 47165ms total)
T3360 7093:903 JLINK_IsHalted() -- CPU_ReadMem(4 bytes @ 0x41002100)  returns FALSE (0001ms, 47165ms total)
T3360 7094:108 JLINK_IsHalted() -- CPU_ReadMem(4 bytes @ 0x41002100)  returns FALSE (0001ms, 47165ms total)
T3360 7094:313 JLINK_IsHalted() -- CPU_ReadMem(4 bytes @ 0x41002100)  returns FALSE (0001ms, 47165ms total)
T3360 7094:517 JLINK_IsHalted() -- CPU_ReadMem(4 bytes @ 0x41002100)  returns FALSE (0001ms, 47165ms total)
T3360 7094:723 JLINK_IsHalted() -- CPU_ReadMem(4 bytes @ 0x41002100)  returns FALSE (0001ms, 47165ms total)
T1A44 7094:768 JLINK_EMU_GetList(InterfaceMask = 0x00000001, MaxInfos = 0x00000032) [0]: USB, S/N: 260104226  returns 0x01 (0002ms, 47166ms total)
T1A44 7094:770 JLINK_EMU_GetList(InterfaceMask = 0x00000002, MaxInfos = 0x00000032)   returns 0x00 (0027ms, 47193ms total)
T3360 7094:924 JLINK_IsHalted() -- CPU_ReadMem(4 bytes @ 0x41002100)  returns FALSE (0001ms, 47194ms total)
T3360 7095:127 JLINK_IsHalted() -- CPU_ReadMem(4 bytes @ 0x41002100)  returns FALSE (0002ms, 47195ms total)
T3360 7095:331 JLINK_IsHalted() -- CPU_ReadMem(4 bytes @ 0x41002100)  returns FALSE (0000ms, 47193ms total)
T3360 7095:535 JLINK_IsHalted() -- CPU_ReadMem(4 bytes @ 0x41002100)  returns FALSE (0001ms, 47194ms total)
T391C 7095:536 JLINK_Halt()  returns 0x00 (0002ms, 47195ms total)
T3360 7095:738 JLINK_IsHalted()  returns TRUE (0000ms, 47195ms total)
T3360 7095:738 JLINK_GetMOEs(...) -- CPU_ReadMem(4 bytes @ 0xE000ED30)  returns 0x01 (0001ms, 47196ms total)
T3360 7095:739 JLINK_ReadReg(R15 (PC))  returns 0x00002840 (0000ms, 47196ms total)
T0EA0 7095:741 JLINK_ResetPullsRESET(ON) (0000ms, 47196ms total)
T0EA0 7095:742 JLINK_ResetNoHalt()InitTarget() >0x10B TIF>Found SW-DP with ID 0x0BC11477 >0x0D TIF> >0x28 TIF> >0x0D TIF> >0x28 TIF> >0x0D TIF> >0x28 TIF> >0x0D TIF> >0x28 TIF> >0x0D TIF> >0x21 TIF> >0x0D TIF> >0x28 TIF>AP map detection skipped. Manually configured AP map found.AP[0]: AHB-AP (IDR: Not set) >0x42 TIF> >0x28 TIF> >0x0D TIF> >0x28 TIF> >0x0D TIF> >0x21 TIF> >0x0D TIF> >0x21 TIF> >0x42 TIF> >0x28 TIF> >0x0D TIF> >0x28 TIF> >0x0D TIF> >0x28 TIF> >0x0D TIF> >0x21 TIF> >0x0D TIF> >0x21 TIF>
AP[0]: Core foundAP[0]: AHB-AP ROM base: 0x41003000 >0x0D TIF> >0x28 TIF> >0x0D TIF> >0x28 TIF> >0x0D TIF> >0x28 TIF> >0x0D TIF> >0x21 TIF> >0x0D TIF> >0x21 TIF>CPUID register: 0x410CC601. Implementer code: 0x41 (ARM)Found Cortex-M0 r0p1, Little endian. -- Max. mem block: 0x00004058 -- CPU_ReadMem(4 bytes @ 0xE000EDF0) -- CPU_ReadMem(4 bytes @ 0xE0002000)FPUnit: 4 code (BP) slots and 0 literal slots -- CPU_ReadMem(4 bytes @ 0xE0001000)CoreSight components:ROMTbl[0] @ 41003000
 -- CPU_ReadMem(16 bytes @ 0x41003000) -- CPU_ReadMem(16 bytes @ 0xE00FFFF0) -- CPU_ReadMem(16 bytes @ 0xE00FFFE0)ROMTbl[0][0]: E00FF000, CID: B105100D, PID: 000BB4C0 ROM TableROMTbl[1] @ E00FF000 -- CPU_ReadMem(16 bytes @ 0xE00FF000) -- CPU_ReadMem(16 bytes @ 0xE000EFF0) -- CPU_ReadMem(16 bytes @ 0xE000EFE0)ROMTbl[1][0]: E000E000, CID: B105E00D, PID: 000BB008 SCS -- CPU_WriteMem(4 bytes @ 0xE0001000) -- CPU_ReadMem(16 bytes @ 0xE0001FF0) -- CPU_ReadMem(16 bytes @ 0xE0001FE0)
ROMTbl[1][1]: E0001000, CID: B105E00D, PID: 000BB00A DWT -- CPU_ReadMem(16 bytes @ 0xE0002FF0) -- CPU_ReadMem(16 bytes @ 0xE0002FE0)ROMTbl[1][2]: E0002000, CID: B105E00D, PID: 000BB00B FPB -- CPU_ReadMem(16 bytes @ 0x41006FF0) -- CPU_ReadMem(16 bytes @ 0x41006FE0)ROMTbl[0][1]: 41006000, CID: B105900D, PID: 001BB932 MTB-M0+
                JLINK_Reset() -- CPU_ReadMem(4 bytes @ 0xE000EDFC) -- CPU_WriteMem(4 bytes @ 0xE000EDFC) -- CPU_WriteMem(4 bytes @ 0xE000ED0C) -- CPU_ReadMem(4 bytes @ 0xE000EDF0) -- CPU_ReadMem(4 bytes @ 0x41002100) -- CPU_WriteMem(4 bytes @ 0xE000EDFC) -- CPU_WriteMem(4 bytes @ 0xE0002000) -- CPU_ReadMem(4 bytes @ 0xE000EDFC) -- CPU_ReadMem(4 bytes @ 0xE0001000) -- CPU_WriteMem(4 bytes @ 0xE0001000) (0007ms, 0007ms total)
                JLINK_Go() -- CPU_ReadMem(4 bytes @ 0xE0001000) -- CPU_WriteMem(4 bytes @ 0xE0001000) -- CPU_WriteMem(4 bytes @ 0xE0002008) -- CPU_WriteMem(4 bytes @ 0xE000200C) -- CPU_WriteMem(4 bytes @ 0xE0002010) -- CPU_WriteMem(4 bytes @ 0xE0002014) -- CPU_WriteMem(4 bytes @ 0xE0001004) (0002ms, 0009ms total)
               (0137ms, 47333ms total)
T1A44 7095:879 JLINK_EMU_GetList(InterfaceMask = 0x00000001, MaxInfos = 0x00000032) [0]: USB, S/N: 260104226  returns 0x01 (0003ms, 47336ms total)
T1A44 7095:882 JLINK_EMU_GetList(InterfaceMask = 0x00000002, MaxInfos = 0x00000032)   returns 0x00 (0031ms, 47367ms total)
T0EA0 7095:913 JLINK_Close() -- CPU is running -- CPU_WriteMem(4 bytes @ 0xE0002008) -- CPU is running -- CPU_WriteMem(4 bytes @ 0xE000200C) -- CPU is running -- CPU_WriteMem(4 bytes @ 0xE0002010) -- CPU is running -- CPU_WriteMem(4 bytes @ 0xE0002014) >0x0D TIF> >0x28 TIF> >0x0D TIF> >0x28 TIF> >0x0D TIF> >0x28 TIF> >0x0D TIF> >0x28 TIF> >0x0D TIF> >0x28 TIF> >0x0D TIF> >0x28 TIF> >0x0D TIF> >0x28 TIF> >0x0D TIF> >0x28 TIF> >0x0D TIF> >0x21 TIF> >0x0D TIF> >0x28 TIF> (0017ms, 47384ms total)
T0EA0 7095:913  (0017ms, 47384ms total)
T0EA0 7095:913 Closed (0017ms, 47384ms total)
